# Logfile created on Thu Sep 23 14:43:11 +0200 2010  [4;36;1mSQL (0.2ms)[0m   [0;1mSET SQL_AUTO_IS_NULL=0[0m
  [4;35;1mSQL (0.5ms)[0m   [0mSHOW TABLES[0m
  [4;36;1mPage Columns (2.0ms)[0m   [0;1mSHOW FIELDS FROM `pages`[0m
  [4;35;1mSQL (0.4ms)[0m   [0mSELECT DISTINCT class_name FROM pages WHERE class_name <> '' AND class_name IS NOT NULL[0m
  [4;36;1mSQL (5.5ms)[0m   [0;1mSHOW TABLES[0m
  [4;35;1mSQL (1.9ms)[0m   [0mSELECT version FROM schema_migrations[0m
  [4;36;1mSQL (0.6ms)[0m   [0;1mSHOW TABLES[0m
  [4;35;1mSQL (0.4ms)[0m   [0mSELECT version FROM schema_migrations[0m
  [4;36;1mSQL (0.9ms)[0m   [0;1mSHOW TABLES[0m
  [4;35;1mSQL (0.3ms)[0m   [0mSELECT version FROM schema_migrations[0m
Migrating to ChangeUserLanguageToLocale (20091003095744)
  [4;36;1mSQL (1.7ms)[0m   [0;1mSHOW FIELDS FROM `users`[0m
  [4;35;1mSQL (0.6ms)[0m   [0mSHOW COLUMNS FROM `users` LIKE 'locale'[0m
  [4;36;1mSQL (32.4ms)[0m   [0;1mALTER TABLE `users` CHANGE `locale` `language` varchar(255) DEFAULT NULL[0m
  [4;35;1mSQL (0.4ms)[0m   [0mDELETE FROM schema_migrations WHERE version = '20091003095744'[0m
Migrating to RenameDeveloperRoleToDesigner (20090929164633)
  [4;36;1mSQL (1.4ms)[0m   [0;1mSHOW FIELDS FROM `users`[0m
  [4;35;1mSQL (0.6ms)[0m   [0mSHOW COLUMNS FROM `users` LIKE 'designer'[0m
  [4;36;1mSQL (14.7ms)[0m   [0;1mALTER TABLE `users` CHANGE `designer` `developer` tinyint(1) DEFAULT 0 NOT NULL[0m
  [4;35;1mSQL (0.6ms)[0m   [0mDELETE FROM schema_migrations WHERE version = '20090929164633'[0m
Migrating to AddUserLanguage (20090226140109)
  [4;36;1mSQL (10.5ms)[0m   [0;1mALTER TABLE `users` DROP `language`[0m
  [4;35;1mSQL (1.3ms)[0m   [0mDELETE FROM schema_migrations WHERE version = '20090226140109'[0m
Migrating to AddIndexes (20081203140407)
  [4;36;1mSQL (0.3ms)[0m   [0;1mSHOW KEYS FROM `page_parts`[0m
  [4;35;1mSQL (34.5ms)[0m   [0mDROP INDEX `parts_by_page` ON page_parts[0m
  [4;36;1mSQL (0.6ms)[0m   [0;1mSHOW KEYS FROM `pages`[0m
  [4;35;1mSQL (31.6ms)[0m   [0mDROP INDEX `pages_published` ON pages[0m
  [4;36;1mSQL (0.6ms)[0m   [0;1mSHOW KEYS FROM `pages`[0m
  [4;35;1mSQL (12.3ms)[0m   [0mDROP INDEX `pages_child_slug` ON pages[0m
  [4;36;1mSQL (0.6ms)[0m   [0;1mSHOW KEYS FROM `pages`[0m
  [4;35;1mSQL (10.4ms)[0m   [0mDROP INDEX `pages_parent_id` ON pages[0m
  [4;36;1mSQL (0.6ms)[0m   [0;1mSHOW KEYS FROM `pages`[0m
  [4;35;1mSQL (8.3ms)[0m   [0mDROP INDEX `pages_class_name` ON pages[0m
  [4;36;1mSQL (1.3ms)[0m   [0;1mDELETE FROM schema_migrations WHERE version = '20081203140407'[0m
Migrating to RemoveSessionExpireFromUsers (21)
  [4;35;1mSQL (28.1ms)[0m   [0mALTER TABLE `users` ADD `session_expire` datetime[0m
  [4;36;1mSQL (1.5ms)[0m   [0;1mDELETE FROM schema_migrations WHERE version = '21'[0m
Migrating to AddSessionInfoToUsers (20)
  [4;35;1mSQL (59.2ms)[0m   [0mALTER TABLE `users` DROP `session_token`[0m
  [4;36;1mSQL (36.8ms)[0m   [0;1mALTER TABLE `users` DROP `session_expire`[0m
  [4;35;1mSQL (2.0ms)[0m   [0mDELETE FROM schema_migrations WHERE version = '20'[0m
Migrating to AddSaltToUsers (19)
  [4;36;1mSQL (27.2ms)[0m   [0;1mALTER TABLE `users` DROP `salt`[0m
  [4;35;1mSQL (1.3ms)[0m   [0mDELETE FROM schema_migrations WHERE version = '19'[0m
Migrating to AddDescriptionAndKeywordsToPages (18)
  [4;36;1mSQL (27.2ms)[0m   [0;1mALTER TABLE `pages` DROP `keywords`[0m
  [4;35;1mSQL (13.8ms)[0m   [0mALTER TABLE `pages` DROP `description`[0m
  [4;36;1mSQL (0.7ms)[0m   [0;1mDELETE FROM schema_migrations WHERE version = '18'[0m
Migrating to RenameCreatedByUpdatedByColumns (17)
  [4;35;1mSQL (25.8ms)[0m   [0mSHOW FIELDS FROM `pages`[0m
  [4;36;1mSQL (16.0ms)[0m   [0;1mSHOW COLUMNS FROM `pages` LIKE 'created_by_id'[0m
  [4;35;1mSQL (13.1ms)[0m   [0mALTER TABLE `pages` CHANGE `created_by_id` `created_by` int(11) DEFAULT NULL[0m
  [4;36;1mSQL (1.4ms)[0m   [0;1mSHOW FIELDS FROM `pages`[0m
  [4;35;1mSQL (0.9ms)[0m   [0mSHOW COLUMNS FROM `pages` LIKE 'updated_by_id'[0m
  [4;36;1mSQL (13.7ms)[0m   [0;1mALTER TABLE `pages` CHANGE `updated_by_id` `updated_by` int(11) DEFAULT NULL[0m
  [4;35;1mSQL (1.2ms)[0m   [0mSHOW FIELDS FROM `snippets`[0m
  [4;36;1mSQL (0.7ms)[0m   [0;1mSHOW COLUMNS FROM `snippets` LIKE 'created_by_id'[0m
  [4;35;1mSQL (9.0ms)[0m   [0mALTER TABLE `snippets` CHANGE `created_by_id` `created_by` int(11) DEFAULT NULL[0m
  [4;36;1mSQL (1.2ms)[0m   [0;1mSHOW FIELDS FROM `snippets`[0m
  [4;35;1mSQL (4.5ms)[0m   [0mSHOW COLUMNS FROM `snippets` LIKE 'updated_by_id'[0m
  [4;36;1mSQL (10.0ms)[0m   [0;1mALTER TABLE `snippets` CHANGE `updated_by_id` `updated_by` int(11) DEFAULT NULL[0m
  [4;35;1mSQL (1.0ms)[0m   [0mSHOW FIELDS FROM `layouts`[0m
  [4;36;1mSQL (0.6ms)[0m   [0;1mSHOW COLUMNS FROM `layouts` LIKE 'created_by_id'[0m
  [4;35;1mSQL (10.2ms)[0m   [0mALTER TABLE `layouts` CHANGE `created_by_id` `created_by` int(11) DEFAULT NULL[0m
  [4;36;1mSQL (1.2ms)[0m   [0;1mSHOW FIELDS FROM `layouts`[0m
  [4;35;1mSQL (0.6ms)[0m   [0mSHOW COLUMNS FROM `layouts` LIKE 'updated_by_id'[0m
  [4;36;1mSQL (13.2ms)[0m   [0;1mALTER TABLE `layouts` CHANGE `updated_by_id` `updated_by` int(11) DEFAULT NULL[0m
  [4;35;1mSQL (7.9ms)[0m   [0mSHOW FIELDS FROM `users`[0m
  [4;36;1mSQL (18.7ms)[0m   [0;1mSHOW COLUMNS FROM `users` LIKE 'created_by_id'[0m
  [4;35;1mSQL (110.9ms)[0m   [0mALTER TABLE `users` CHANGE `created_by_id` `created_by` int(11) DEFAULT NULL[0m
  [4;36;1mSQL (1.8ms)[0m   [0;1mSHOW FIELDS FROM `users`[0m
  [4;35;1mSQL (2.3ms)[0m   [0mSHOW COLUMNS FROM `users` LIKE 'updated_by_id'[0m
  [4;36;1mSQL (32.7ms)[0m   [0;1mALTER TABLE `users` CHANGE `updated_by_id` `updated_by` int(11) DEFAULT NULL[0m
  [4;35;1mSQL (5.0ms)[0m   [0mDELETE FROM schema_migrations WHERE version = '17'[0m
Migrating to AddSessions (16)
  [4;36;1mSQL (159.8ms)[0m   [0;1mDROP TABLE `sessions`[0m
  [4;35;1mSQL (2.2ms)[0m   [0mDELETE FROM schema_migrations WHERE version = '16'[0m
Migrating to AddOptimisticLocking (15)
  [4;36;1mSQL (42.5ms)[0m   [0;1mALTER TABLE `pages` DROP `lock_version`[0m
  [4;35;1mSQL (27.9ms)[0m   [0mALTER TABLE `layouts` DROP `lock_version`[0m
  [4;36;1mSQL (40.4ms)[0m   [0;1mALTER TABLE `snippets` DROP `lock_version`[0m
  [4;35;1mSQL (34.7ms)[0m   [0mALTER TABLE `users` DROP `lock_version`[0m
  [4;36;1mSQL (14.1ms)[0m   [0;1mDELETE FROM schema_migrations WHERE version = '15'[0m
Migrating to RenameConfigDefaultPartsKey (14)
  [4;35;1mRadiant::Config Columns (3.4ms)[0m   [0mSHOW FIELDS FROM `config`[0m
  [4;36;1mRadiant::Config Load (1.8ms)[0m   [0;1mSELECT * FROM `config` WHERE (`config`.`key` = 'defaults.page.parts') LIMIT 1[0m
  [4;35;1mSQL (0.1ms)[0m   [0mBEGIN[0m
  [4;36;1mRadiant::Config Update (0.3ms)[0m   [0;1mUPDATE `config` SET `key` = 'default.parts' WHERE `id` = 3[0m
  [4;35;1mRadiant::Config Load (0.2ms)[0m   [0mSELECT * FROM `config` [0m
Cache write: Radiant::Config
Cache write: Radiant.cache_mtime
  [4;36;1mSQL (2.5ms)[0m   [0;1mCOMMIT[0m
  [4;35;1mSQL (0.6ms)[0m   [0mDELETE FROM schema_migrations WHERE version = '14'[0m
Migrating to AddNotesFieldToUser (13)
  [4;36;1mSQL (10.4ms)[0m   [0;1mALTER TABLE `users` DROP `notes`[0m
  [4;35;1mSQL (2.2ms)[0m   [0mDELETE FROM schema_migrations WHERE version = '13'[0m
Migrating to CreateExtensionMeta (12)
  [4;36;1mSQL (1.7ms)[0m   [0;1mDROP TABLE `extension_meta`[0m
  [4;35;1mSQL (0.7ms)[0m   [0mDELETE FROM schema_migrations WHERE version = '12'[0m
Migrating to RenameTypeColumnOnPageToClassName (11)
  [4;36;1mSQL (1.3ms)[0m   [0;1mSHOW FIELDS FROM `pages`[0m
  [4;35;1mSQL (0.6ms)[0m   [0mSHOW COLUMNS FROM `pages` LIKE 'class_name'[0m
  [4;36;1mSQL (9.6ms)[0m   [0;1mALTER TABLE `pages` CHANGE `class_name` `type` varchar(25) DEFAULT NULL[0m
  [4;35;1mSQL (1.0ms)[0m   [0mDELETE FROM schema_migrations WHERE version = '11'[0m
Migrating to MergeBehaviorsAndPages (10)
  [4;36;1mSQL (1.6ms)[0m   [0;1mSHOW FIELDS FROM `pages`[0m
  [4;35;1mSQL (0.7ms)[0m   [0mSHOW COLUMNS FROM `pages` LIKE 'type'[0m
  [4;36;1mSQL (10.9ms)[0m   [0;1mALTER TABLE `pages` CHANGE `type` `behavior_id` varchar(25) DEFAULT NULL[0m
  [4;35;1mMergeBehaviorsAndPages::OldPage Load (0.5ms)[0m   [0mSELECT * FROM `pages` [0m
  [4;36;1mMergeBehaviorsAndPages::OldPage Columns (1.0ms)[0m   [0;1mSHOW FIELDS FROM `pages`[0m
  [4;35;1mSQL (0.1ms)[0m   [0mBEGIN[0m
  [4;36;1mMergeBehaviorsAndPages::OldPage Update (0.3ms)[0m   [0;1mUPDATE `pages` SET `updated_at` = '2010-09-23 12:43:17', `behavior_id` = 'Page Missing' WHERE `id` = 2[0m
  [4;35;1mSQL (1.0ms)[0m   [0mCOMMIT[0m
  [4;36;1mSQL (0.5ms)[0m   [0;1mBEGIN[0m
  [4;35;1mMergeBehaviorsAndPages::OldPage Update (0.3ms)[0m   [0mUPDATE `pages` SET `updated_at` = '2010-09-23 12:43:17', `behavior_id` = 'Archive ' WHERE `id` = 4[0m
  [4;36;1mSQL (0.4ms)[0m   [0;1mCOMMIT[0m
  [4;35;1mSQL (0.3ms)[0m   [0mDELETE FROM schema_migrations WHERE version = '10'[0m
Migrating to AddContentTypeFieldToLayout (9)
  [4;36;1mSQL (13.7ms)[0m   [0;1mALTER TABLE `layouts` DROP `content_type`[0m
  [4;35;1mSQL (0.7ms)[0m   [0mDELETE FROM schema_migrations WHERE version = '9'[0m
Migrating to AddVirtualColumnToPageAgain (8)
  [4;36;1mSQL (13.8ms)[0m   [0;1mALTER TABLE `pages` DROP `virtual`[0m
  [4;35;1mSQL (0.6ms)[0m   [0mDELETE FROM schema_migrations WHERE version = '8'[0m
Migrating to RemoveVirtualColumnFromPage (7)
  [4;36;1mSQL (9.3ms)[0m   [0;1mALTER TABLE `pages` ADD `virtual` tinyint(1) DEFAULT 0 NOT NULL[0m
  [4;35;1mSQL (0.5ms)[0m   [0mDELETE FROM schema_migrations WHERE version = '7'[0m
Migrating to IntegerColumnsToBoolean (6)
  [4;36;1mUser Load (2.4ms)[0m   [0;1mSELECT * FROM `users` ORDER BY name[0m
  [4;35;1mUser Columns (1.3ms)[0m   [0mSHOW FIELDS FROM `users`[0m
  [4;36;1mSQL (11.8ms)[0m   [0;1mALTER TABLE `users` DROP `admin`[0m
  [4;35;1mSQL (9.8ms)[0m   [0mALTER TABLE `users` ADD `admin` tinyint DEFAULT 0 NOT NULL[0m
  [4;36;1mUser Columns (1.2ms)[0m   [0;1mSHOW FIELDS FROM `users`[0m
  [4;35;1mUser Load (0.3ms)[0m   [0mSELECT * FROM `users` WHERE (`users`.`id` = 1) ORDER BY name[0m
  [4;36;1mSQL (0.1ms)[0m   [0;1mBEGIN[0m
  [4;35;1mUser Load (0.8ms)[0m   [0mSELECT `users`.id FROM `users` WHERE (`users`.`login` = BINARY 'admin' AND `users`.id <> 1) LIMIT 1[0m
  [4;36;1mUser Load (0.3ms)[0m   [0;1mSELECT * FROM `users` WHERE (`users`.`id` = 1) ORDER BY name[0m
  [4;35;1mUser Update (0.3ms)[0m   [0mUPDATE `users` SET `updated_at` = '2010-09-23 12:43:17', `admin` = 1 WHERE `id` = 1[0m
  [4;36;1mSQL (0.3ms)[0m   [0;1mCOMMIT[0m
  [4;35;1mUser Load (0.4ms)[0m   [0mSELECT * FROM `users` ORDER BY name[0m
  [4;36;1mSQL (9.4ms)[0m   [0;1mALTER TABLE `users` DROP `developer`[0m
  [4;35;1mSQL (11.3ms)[0m   [0mALTER TABLE `users` ADD `developer` tinyint DEFAULT 0 NOT NULL[0m
  [4;36;1mUser Columns (1.3ms)[0m   [0;1mSHOW FIELDS FROM `users`[0m
  [4;35;1mUser Load (1.8ms)[0m   [0mSELECT * FROM `users` WHERE (`users`.`id` = 1) ORDER BY name[0m
  [4;36;1mSQL (0.1ms)[0m   [0;1mBEGIN[0m
  [4;35;1mUser Load (0.3ms)[0m   [0mSELECT `users`.id FROM `users` WHERE (`users`.`login` = BINARY 'admin' AND `users`.id <> 1) LIMIT 1[0m
  [4;36;1mUser Load (0.2ms)[0m   [0;1mSELECT * FROM `users` WHERE (`users`.`id` = 1) ORDER BY name[0m
  [4;35;1mSQL (0.1ms)[0m   [0mCOMMIT[0m
  [4;36;1mSQL (0.7ms)[0m   [0;1mDELETE FROM schema_migrations WHERE version = '6'[0m
Migrating to AddVirtualColumnToPage (5)
  [4;35;1mSQL (14.4ms)[0m   [0mALTER TABLE `pages` DROP `virtual`[0m
  [4;36;1mSQL (0.4ms)[0m   [0;1mDELETE FROM schema_migrations WHERE version = '5'[0m
Migrating to RenameFilterColumn (4)
  [4;35;1mSQL (1.1ms)[0m   [0mSHOW FIELDS FROM `page_parts`[0m
  [4;36;1mSQL (1.2ms)[0m   [0;1mSHOW COLUMNS FROM `page_parts` LIKE 'filter_id'[0m
  [4;35;1mSQL (8.0ms)[0m   [0mALTER TABLE `page_parts` CHANGE `filter_id` `filter` varchar(25) DEFAULT NULL[0m
  [4;36;1mSQL (1.2ms)[0m   [0;1mSHOW FIELDS FROM `snippets`[0m
  [4;35;1mSQL (0.7ms)[0m   [0mSHOW COLUMNS FROM `snippets` LIKE 'filter_id'[0m
  [4;36;1mSQL (11.7ms)[0m   [0;1mALTER TABLE `snippets` CHANGE `filter_id` `filter` varchar(25) DEFAULT NULL[0m
  [4;35;1mSQL (0.5ms)[0m   [0mDELETE FROM schema_migrations WHERE version = '4'[0m
Migrating to RenameBehaviorColumn (3)
  [4;36;1mSQL (2.8ms)[0m   [0;1mSHOW FIELDS FROM `pages`[0m
  [4;35;1mSQL (1.1ms)[0m   [0mSHOW COLUMNS FROM `pages` LIKE 'behavior_id'[0m
  [4;36;1mSQL (12.1ms)[0m   [0;1mALTER TABLE `pages` CHANGE `behavior_id` `behavior` varchar(25) DEFAULT NULL[0m
  [4;35;1mSQL (0.5ms)[0m   [0mDELETE FROM schema_migrations WHERE version = '3'[0m
Migrating to InsertInitialData (2)
  [4;36;1mSQL (0.4ms)[0m   [0;1mDELETE FROM schema_migrations WHERE version = '2'[0m
Migrating to CreateRadiantTables (1)
  [4;35;1mSQL (1.3ms)[0m   [0mDROP TABLE `pages`[0m
  [4;36;1mSQL (4.5ms)[0m   [0;1mDROP TABLE `page_parts`[0m
  [4;35;1mSQL (10.5ms)[0m   [0mDROP TABLE `snippets`[0m
  [4;36;1mSQL (2.1ms)[0m   [0;1mDROP TABLE `layouts`[0m
  [4;35;1mSQL (2.7ms)[0m   [0mDROP TABLE `users`[0m
  [4;36;1mSQL (2.6ms)[0m   [0;1mDROP TABLE `config`[0m
  [4;35;1mSQL (2.7ms)[0m   [0mDELETE FROM schema_migrations WHERE version = '1'[0m
  [4;36;1mSQL (0.5ms)[0m   [0;1mSHOW TABLES[0m
  [4;35;1mSQL (0.6ms)[0m   [0mSHOW TABLES[0m
  [4;36;1mSQL (0.3ms)[0m   [0;1mSELECT version FROM schema_migrations[0m
  [4;35;1mSQL (0.5ms)[0m   [0mSHOW TABLES[0m
  [4;36;1mSQL (1.7ms)[0m   [0;1mSHOW FIELDS FROM `assets`[0m
  [4;35;1mSQL (14.1ms)[0m   [0mdescribe `assets`[0m
  [4;36;1mSQL (1.2ms)[0m   [0;1mSHOW KEYS FROM `assets`[0m
  [4;35;1mSQL (2.0ms)[0m   [0mSHOW FIELDS FROM `comments`[0m
  [4;36;1mSQL (13.6ms)[0m   [0;1mdescribe `comments`[0m
  [4;35;1mSQL (8.2ms)[0m   [0mSHOW KEYS FROM `comments`[0m
  [4;36;1mSQL (1.3ms)[0m   [0;1mSHOW FIELDS FROM `page_attachments`[0m
  [4;35;1mSQL (1.6ms)[0m   [0mdescribe `page_attachments`[0m
  [4;36;1mSQL (0.3ms)[0m   [0;1mSHOW KEYS FROM `page_attachments`[0m
  [4;35;1mSQL (0.5ms)[0m   [0mSHOW TABLES[0m
  [4;36;1mSQL (0.2ms)[0m   [0;1mSELECT version FROM schema_migrations[0m
  [4;35;1mSQL (0.3ms)[0m   [0mSHOW TABLES[0m
  [4;36;1mSQL (8.8ms)[0m   [0;1mSHOW FIELDS FROM `assets`[0m
  [4;35;1mSQL (5.3ms)[0m   [0mdescribe `assets`[0m
  [4;36;1mSQL (0.3ms)[0m   [0;1mSHOW KEYS FROM `assets`[0m
  [4;35;1mSQL (1.1ms)[0m   [0mSHOW FIELDS FROM `comments`[0m
  [4;36;1mSQL (1.4ms)[0m   [0;1mdescribe `comments`[0m
  [4;35;1mSQL (0.4ms)[0m   [0mSHOW KEYS FROM `comments`[0m
  [4;36;1mSQL (0.8ms)[0m   [0;1mSHOW FIELDS FROM `page_attachments`[0m
  [4;35;1mSQL (0.6ms)[0m   [0mdescribe `page_attachments`[0m
  [4;36;1mSQL (0.2ms)[0m   [0;1mSHOW KEYS FROM `page_attachments`[0m
  [4;35;1mSQL (0.3ms)[0m   [0mSHOW TABLES[0m
  [4;36;1mSQL (0.3ms)[0m   [0;1mSELECT version FROM schema_migrations[0m
Migrating to CreateRadiantTables (1)
  [4;35;1mSQL (0.4ms)[0m   [0mSHOW TABLES[0m
  [4;36;1mSQL (7.0ms)[0m   [0;1mCREATE TABLE `config` (`id` int(11) DEFAULT NULL auto_increment PRIMARY KEY, `key` varchar(40) DEFAULT '' NOT NULL, `value` varchar(255) DEFAULT '') ENGINE=InnoDB[0m
  [4;35;1mSQL (0.4ms)[0m   [0mSHOW KEYS FROM `config`[0m
  [4;36;1mSQL (9.1ms)[0m   [0;1mCREATE UNIQUE INDEX `key` ON `config` (`key`)[0m
  [4;35;1mSQL (0.5ms)[0m   [0mSHOW TABLES[0m
  [4;36;1mSQL (7.7ms)[0m   [0;1mCREATE TABLE `pages` (`id` int(11) DEFAULT NULL auto_increment PRIMARY KEY, `title` varchar(255), `slug` varchar(100), `breadcrumb` varchar(160), `behavior` varchar(25), `status_id` int(11) DEFAULT 1 NOT NULL, `parent_id` int(11), `layout_id` int(11), `created_at` datetime, `updated_at` datetime, `published_at` datetime, `created_by` int(11), `updated_by` int(11)) ENGINE=InnoDB[0m
  [4;35;1mSQL (0.4ms)[0m   [0mSHOW TABLES[0m
  [4;36;1mSQL (4.7ms)[0m   [0;1mCREATE TABLE `page_parts` (`id` int(11) DEFAULT NULL auto_increment PRIMARY KEY, `name` varchar(100), `filter` varchar(25), `content` text, `page_id` int(11)) ENGINE=InnoDB[0m
  [4;35;1mSQL (2.0ms)[0m   [0mSHOW TABLES[0m
  [4;36;1mSQL (7.4ms)[0m   [0;1mCREATE TABLE `snippets` (`id` int(11) DEFAULT NULL auto_increment PRIMARY KEY, `name` varchar(100) DEFAULT '' NOT NULL, `filter` varchar(25), `content` text, `created_at` datetime, `updated_at` datetime, `created_by` int(11), `updated_by` int(11)) ENGINE=InnoDB[0m
  [4;35;1mSQL (0.4ms)[0m   [0mSHOW KEYS FROM `snippets`[0m
  [4;36;1mSQL (9.2ms)[0m   [0;1mCREATE UNIQUE INDEX `name` ON `snippets` (`name`)[0m
  [4;35;1mSQL (0.5ms)[0m   [0mSHOW TABLES[0m
  [4;36;1mSQL (6.0ms)[0m   [0;1mCREATE TABLE `layouts` (`id` int(11) DEFAULT NULL auto_increment PRIMARY KEY, `name` varchar(100), `content` text, `created_at` datetime, `updated_at` datetime, `created_by` int(11), `updated_by` int(11)) ENGINE=InnoDB[0m
  [4;35;1mSQL (0.6ms)[0m   [0mSHOW TABLES[0m
  [4;36;1mSQL (6.3ms)[0m   [0;1mCREATE TABLE `users` (`id` int(11) DEFAULT NULL auto_increment PRIMARY KEY, `name` varchar(100), `email` varchar(255), `login` varchar(40) DEFAULT '' NOT NULL, `password` varchar(40), `admin` tinyint DEFAULT 0 NOT NULL, `developer` tinyint DEFAULT 0 NOT NULL, `created_at` datetime, `updated_at` datetime, `created_by` int(11), `updated_by` int(11)) ENGINE=InnoDB[0m
  [4;35;1mSQL (0.5ms)[0m   [0mSHOW KEYS FROM `users`[0m
  [4;36;1mSQL (15.8ms)[0m   [0;1mCREATE UNIQUE INDEX `login` ON `users` (`login`)[0m
  [4;35;1mSQL (0.4ms)[0m   [0mINSERT INTO schema_migrations (version) VALUES ('1')[0m
Migrating to InsertInitialData (2)
  [4;36;1mSQL (0.9ms)[0m   [0;1mINSERT INTO schema_migrations (version) VALUES ('2')[0m
Migrating to RenameBehaviorColumn (3)
  [4;35;1mSQL (1.6ms)[0m   [0mSHOW FIELDS FROM `pages`[0m
  [4;36;1mSQL (0.6ms)[0m   [0;1mSHOW COLUMNS FROM `pages` LIKE 'behavior'[0m
  [4;35;1mSQL (8.7ms)[0m   [0mALTER TABLE `pages` CHANGE `behavior` `behavior_id` varchar(25) DEFAULT NULL[0m
  [4;36;1mSQL (0.4ms)[0m   [0;1mINSERT INTO schema_migrations (version) VALUES ('3')[0m
Migrating to RenameFilterColumn (4)
  [4;35;1mSQL (1.1ms)[0m   [0mSHOW FIELDS FROM `page_parts`[0m
  [4;36;1mSQL (0.9ms)[0m   [0;1mSHOW COLUMNS FROM `page_parts` LIKE 'filter'[0m
  [4;35;1mSQL (11.5ms)[0m   [0mALTER TABLE `page_parts` CHANGE `filter` `filter_id` varchar(25) DEFAULT NULL[0m
  [4;36;1mSQL (2.3ms)[0m   [0;1mSHOW FIELDS FROM `snippets`[0m
  [4;35;1mSQL (1.6ms)[0m   [0mSHOW COLUMNS FROM `snippets` LIKE 'filter'[0m
  [4;36;1mSQL (25.4ms)[0m   [0;1mALTER TABLE `snippets` CHANGE `filter` `filter_id` varchar(25) DEFAULT NULL[0m
  [4;35;1mSQL (2.6ms)[0m   [0mINSERT INTO schema_migrations (version) VALUES ('4')[0m
Migrating to AddVirtualColumnToPage (5)
  [4;36;1mSQL (33.1ms)[0m   [0;1mALTER TABLE `pages` ADD `virtual` tinyint(1) DEFAULT 0 NOT NULL[0m
  [4;35;1mSQL (2.9ms)[0m   [0mINSERT INTO schema_migrations (version) VALUES ('5')[0m
Migrating to IntegerColumnsToBoolean (6)
  [4;36;1mUser Load (0.4ms)[0m   [0;1mSELECT * FROM `users` ORDER BY name[0m
  [4;35;1mSQL (42.4ms)[0m   [0mALTER TABLE `users` DROP `admin`[0m
  [4;36;1mSQL (18.9ms)[0m   [0;1mALTER TABLE `users` ADD `admin` tinyint(1) DEFAULT 0 NOT NULL[0m
  [4;35;1mUser Load (0.4ms)[0m   [0mSELECT * FROM `users` ORDER BY name[0m
  [4;36;1mSQL (49.4ms)[0m   [0;1mALTER TABLE `users` DROP `developer`[0m
  [4;35;1mSQL (15.1ms)[0m   [0mALTER TABLE `users` ADD `developer` tinyint(1) DEFAULT 0 NOT NULL[0m
  [4;36;1mSQL (0.6ms)[0m   [0;1mINSERT INTO schema_migrations (version) VALUES ('6')[0m
Migrating to RemoveVirtualColumnFromPage (7)
  [4;35;1mSQL (12.1ms)[0m   [0mALTER TABLE `pages` DROP `virtual`[0m
  [4;36;1mSQL (0.5ms)[0m   [0;1mINSERT INTO schema_migrations (version) VALUES ('7')[0m
Migrating to AddVirtualColumnToPageAgain (8)
  [4;35;1mSQL (14.5ms)[0m   [0mALTER TABLE `pages` ADD `virtual` tinyint(1) DEFAULT 0 NOT NULL[0m
  [4;36;1mSQL (0.4ms)[0m   [0;1mINSERT INTO schema_migrations (version) VALUES ('8')[0m
Migrating to AddContentTypeFieldToLayout (9)
  [4;35;1mSQL (9.4ms)[0m   [0mALTER TABLE `layouts` ADD `content_type` varchar(40)[0m
  [4;36;1mSQL (1.3ms)[0m   [0;1mINSERT INTO schema_migrations (version) VALUES ('9')[0m
Migrating to MergeBehaviorsAndPages (10)
  [4;35;1mMergeBehaviorsAndPages::OldPage Load (0.5ms)[0m   [0mSELECT * FROM `pages` [0m
  [4;36;1mSQL (1.3ms)[0m   [0;1mSHOW FIELDS FROM `pages`[0m
  [4;35;1mSQL (2.5ms)[0m   [0mSHOW COLUMNS FROM `pages` LIKE 'behavior_id'[0m
  [4;36;1mSQL (13.6ms)[0m   [0;1mALTER TABLE `pages` CHANGE `behavior_id` `type` varchar(25) DEFAULT NULL[0m
  [4;35;1mSQL (0.6ms)[0m   [0mINSERT INTO schema_migrations (version) VALUES ('10')[0m
Migrating to RenameTypeColumnOnPageToClassName (11)
  [4;36;1mSQL (1.4ms)[0m   [0;1mSHOW FIELDS FROM `pages`[0m
  [4;35;1mSQL (0.6ms)[0m   [0mSHOW COLUMNS FROM `pages` LIKE 'type'[0m
  [4;36;1mSQL (7.3ms)[0m   [0;1mALTER TABLE `pages` CHANGE `type` `class_name` varchar(25) DEFAULT NULL[0m
  [4;35;1mSQL (0.5ms)[0m   [0mINSERT INTO schema_migrations (version) VALUES ('11')[0m
Migrating to CreateExtensionMeta (12)
  [4;36;1mSQL (0.6ms)[0m   [0;1mSHOW TABLES[0m
  [4;35;1mSQL (6.6ms)[0m   [0mCREATE TABLE `extension_meta` (`id` int(11) DEFAULT NULL auto_increment PRIMARY KEY, `name` varchar(255), `schema_version` int(11) DEFAULT 0, `enabled` tinyint(1) DEFAULT 1) ENGINE=InnoDB[0m
  [4;36;1mSQL (0.5ms)[0m   [0;1mINSERT INTO schema_migrations (version) VALUES ('12')[0m
Migrating to AddNotesFieldToUser (13)
  [4;35;1mSQL (9.2ms)[0m   [0mALTER TABLE `users` ADD `notes` text[0m
  [4;36;1mSQL (0.6ms)[0m   [0;1mINSERT INTO schema_migrations (version) VALUES ('13')[0m
Migrating to RenameConfigDefaultPartsKey (14)
  [4;35;1mRadiant::Config Load (0.4ms)[0m   [0mSELECT * FROM `config` WHERE (`config`.`key` = 'default.parts') LIMIT 1[0m
  [4;36;1mSQL (0.5ms)[0m   [0;1mINSERT INTO schema_migrations (version) VALUES ('14')[0m
Migrating to AddOptimisticLocking (15)
  [4;35;1mSQL (9.6ms)[0m   [0mALTER TABLE `pages` ADD `lock_version` int(11) DEFAULT 0[0m
  [4;36;1mSQL (19.9ms)[0m   [0;1mALTER TABLE `layouts` ADD `lock_version` int(11) DEFAULT 0[0m
  [4;35;1mSQL (48.6ms)[0m   [0mALTER TABLE `snippets` ADD `lock_version` int(11) DEFAULT 0[0m
  [4;36;1mSQL (47.8ms)[0m   [0;1mALTER TABLE `users` ADD `lock_version` int(11) DEFAULT 0[0m
  [4;35;1mSQL (1.1ms)[0m   [0mINSERT INTO schema_migrations (version) VALUES ('15')[0m
Migrating to AddSessions (16)
  [4;36;1mSQL (10.4ms)[0m   [0;1mCREATE TABLE `sessions` (`id` int(11) DEFAULT NULL auto_increment PRIMARY KEY, `session_id` varchar(255), `data` text, `updated_at` datetime) ENGINE=InnoDB[0m
  [4;35;1mSQL (0.4ms)[0m   [0mSHOW KEYS FROM `sessions`[0m
  [4;36;1mSQL (41.0ms)[0m   [0;1mCREATE INDEX `index_sessions_on_session_id` ON `sessions` (`session_id`)[0m
  [4;35;1mSQL (0.6ms)[0m   [0mSHOW KEYS FROM `sessions`[0m
  [4;36;1mSQL (41.0ms)[0m   [0;1mCREATE INDEX `index_sessions_on_updated_at` ON `sessions` (`updated_at`)[0m
  [4;35;1mSQL (0.4ms)[0m   [0mINSERT INTO schema_migrations (version) VALUES ('16')[0m
Migrating to RenameCreatedByUpdatedByColumns (17)
  [4;36;1mSQL (1.3ms)[0m   [0;1mSHOW FIELDS FROM `pages`[0m
  [4;35;1mSQL (1.8ms)[0m   [0mSHOW COLUMNS FROM `pages` LIKE 'created_by'[0m
  [4;36;1mSQL (11.0ms)[0m   [0;1mALTER TABLE `pages` CHANGE `created_by` `created_by_id` int(11) DEFAULT NULL[0m
  [4;35;1mSQL (1.5ms)[0m   [0mSHOW FIELDS FROM `pages`[0m
  [4;36;1mSQL (0.6ms)[0m   [0;1mSHOW COLUMNS FROM `pages` LIKE 'updated_by'[0m
  [4;35;1mSQL (9.5ms)[0m   [0mALTER TABLE `pages` CHANGE `updated_by` `updated_by_id` int(11) DEFAULT NULL[0m
  [4;36;1mSQL (1.1ms)[0m   [0;1mSHOW FIELDS FROM `snippets`[0m
  [4;35;1mSQL (0.6ms)[0m   [0mSHOW COLUMNS FROM `snippets` LIKE 'created_by'[0m
  [4;36;1mSQL (12.2ms)[0m   [0;1mALTER TABLE `snippets` CHANGE `created_by` `created_by_id` int(11) DEFAULT NULL[0m
  [4;35;1mSQL (1.5ms)[0m   [0mSHOW FIELDS FROM `snippets`[0m
  [4;36;1mSQL (0.7ms)[0m   [0;1mSHOW COLUMNS FROM `snippets` LIKE 'updated_by'[0m
  [4;35;1mSQL (10.5ms)[0m   [0mALTER TABLE `snippets` CHANGE `updated_by` `updated_by_id` int(11) DEFAULT NULL[0m
  [4;36;1mSQL (1.1ms)[0m   [0;1mSHOW FIELDS FROM `layouts`[0m
  [4;35;1mSQL (0.6ms)[0m   [0mSHOW COLUMNS FROM `layouts` LIKE 'created_by'[0m
  [4;36;1mSQL (8.4ms)[0m   [0;1mALTER TABLE `layouts` CHANGE `created_by` `created_by_id` int(11) DEFAULT NULL[0m
  [4;35;1mSQL (1.1ms)[0m   [0mSHOW FIELDS FROM `layouts`[0m
  [4;36;1mSQL (0.6ms)[0m   [0;1mSHOW COLUMNS FROM `layouts` LIKE 'updated_by'[0m
  [4;35;1mSQL (9.2ms)[0m   [0mALTER TABLE `layouts` CHANGE `updated_by` `updated_by_id` int(11) DEFAULT NULL[0m
  [4;36;1mSQL (2.1ms)[0m   [0;1mSHOW FIELDS FROM `users`[0m
  [4;35;1mSQL (0.7ms)[0m   [0mSHOW COLUMNS FROM `users` LIKE 'created_by'[0m
  [4;36;1mSQL (9.9ms)[0m   [0;1mALTER TABLE `users` CHANGE `created_by` `created_by_id` int(11) DEFAULT NULL[0m
  [4;35;1mSQL (1.3ms)[0m   [0mSHOW FIELDS FROM `users`[0m
  [4;36;1mSQL (0.6ms)[0m   [0;1mSHOW COLUMNS FROM `users` LIKE 'updated_by'[0m
  [4;35;1mSQL (50.6ms)[0m   [0mALTER TABLE `users` CHANGE `updated_by` `updated_by_id` int(11) DEFAULT NULL[0m
  [4;36;1mSQL (1.5ms)[0m   [0;1mINSERT INTO schema_migrations (version) VALUES ('17')[0m
Migrating to AddDescriptionAndKeywordsToPages (18)
  [4;35;1mSQL (24.1ms)[0m   [0mALTER TABLE `pages` ADD `description` varchar(255)[0m
  [4;36;1mSQL (37.1ms)[0m   [0;1mALTER TABLE `pages` ADD `keywords` varchar(255)[0m
  [4;35;1mSQL (2.3ms)[0m   [0mINSERT INTO schema_migrations (version) VALUES ('18')[0m
Migrating to AddSaltToUsers (19)
  [4;36;1mSQL (28.4ms)[0m   [0;1mALTER TABLE `users` ADD `salt` varchar(255)[0m
  [4;35;1mUser Update (0.3ms)[0m   [0mUPDATE `users` SET `salt` = 'sweet harmonious biscuits' [0m
  [4;36;1mSQL (6.7ms)[0m   [0;1mINSERT INTO schema_migrations (version) VALUES ('19')[0m
Migrating to AddSessionInfoToUsers (20)
  [4;35;1mSQL (49.6ms)[0m   [0mALTER TABLE `users` ADD `session_token` varchar(255)[0m
  [4;36;1mSQL (10.3ms)[0m   [0;1mALTER TABLE `users` ADD `session_expire` datetime[0m
  [4;35;1mSQL (0.5ms)[0m   [0mINSERT INTO schema_migrations (version) VALUES ('20')[0m
Migrating to RemoveSessionExpireFromUsers (21)
  [4;36;1mSQL (9.6ms)[0m   [0;1mALTER TABLE `users` DROP `session_expire`[0m
  [4;35;1mSQL (0.6ms)[0m   [0mINSERT INTO schema_migrations (version) VALUES ('21')[0m
Migrating to AddIndexes (20081203140407)
  [4;36;1mSQL (0.5ms)[0m   [0;1mSHOW KEYS FROM `pages`[0m
  [4;35;1mSQL (10.4ms)[0m   [0mCREATE INDEX `pages_class_name` ON `pages` (`class_name`)[0m
  [4;36;1mSQL (0.6ms)[0m   [0;1mSHOW KEYS FROM `pages`[0m
  [4;35;1mSQL (10.0ms)[0m   [0mCREATE INDEX `pages_parent_id` ON `pages` (`parent_id`)[0m
  [4;36;1mSQL (0.7ms)[0m   [0;1mSHOW KEYS FROM `pages`[0m
  [4;35;1mSQL (12.3ms)[0m   [0mCREATE INDEX `pages_child_slug` ON `pages` (`slug`, `parent_id`)[0m
  [4;36;1mSQL (0.5ms)[0m   [0;1mSHOW KEYS FROM `pages`[0m
  [4;35;1mSQL (17.2ms)[0m   [0mCREATE INDEX `pages_published` ON `pages` (`virtual`, `status_id`)[0m
  [4;36;1mSQL (0.4ms)[0m   [0;1mSHOW KEYS FROM `page_parts`[0m
  [4;35;1mSQL (8.7ms)[0m   [0mCREATE INDEX `parts_by_page` ON `page_parts` (`page_id`, `name`)[0m
  [4;36;1mSQL (0.7ms)[0m   [0;1mINSERT INTO schema_migrations (version) VALUES ('20081203140407')[0m
Migrating to AddUserLanguage (20090226140109)
  [4;35;1mSQL (9.5ms)[0m   [0mALTER TABLE `users` ADD `language` varchar(255)[0m
  [4;36;1mSQL (0.5ms)[0m   [0;1mINSERT INTO schema_migrations (version) VALUES ('20090226140109')[0m
Migrating to RenameDeveloperRoleToDesigner (20090929164633)
  [4;35;1mSQL (1.3ms)[0m   [0mSHOW FIELDS FROM `users`[0m
  [4;36;1mSQL (0.7ms)[0m   [0;1mSHOW COLUMNS FROM `users` LIKE 'developer'[0m
  [4;35;1mSQL (10.5ms)[0m   [0mALTER TABLE `users` CHANGE `developer` `designer` tinyint(1) DEFAULT 0 NOT NULL[0m
  [4;36;1mSQL (0.7ms)[0m   [0;1mINSERT INTO schema_migrations (version) VALUES ('20090929164633')[0m
Migrating to ChangeUserLanguageToLocale (20091003095744)
  [4;35;1mSQL (277.8ms)[0m   [0mSHOW FIELDS FROM `users`[0m
  [4;36;1mSQL (5.7ms)[0m   [0;1mSHOW COLUMNS FROM `users` LIKE 'language'[0m
  [4;35;1mSQL (20.1ms)[0m   [0mALTER TABLE `users` CHANGE `language` `locale` varchar(255) DEFAULT NULL[0m
  [4;36;1mSQL (0.7ms)[0m   [0;1mINSERT INTO schema_migrations (version) VALUES ('20091003095744')[0m
  [4;35;1mSQL (0.6ms)[0m   [0mSHOW TABLES[0m
  [4;36;1mSQL (0.2ms)[0m   [0;1mSELECT version FROM schema_migrations[0m
  [4;35;1mSQL (1.0ms)[0m   [0mSHOW TABLES[0m
  [4;36;1mSQL (1.5ms)[0m   [0;1mSHOW FIELDS FROM `assets`[0m
  [4;35;1mSQL (3.0ms)[0m   [0mdescribe `assets`[0m
  [4;36;1mSQL (0.9ms)[0m   [0;1mSHOW KEYS FROM `assets`[0m
  [4;35;1mSQL (1.7ms)[0m   [0mSHOW FIELDS FROM `comments`[0m
  [4;36;1mSQL (3.1ms)[0m   [0;1mdescribe `comments`[0m
  [4;35;1mSQL (0.4ms)[0m   [0mSHOW KEYS FROM `comments`[0m
  [4;36;1mSQL (1.4ms)[0m   [0;1mSHOW FIELDS FROM `config`[0m
  [4;35;1mSQL (1.7ms)[0m   [0mdescribe `config`[0m
  [4;36;1mSQL (0.2ms)[0m   [0;1mSHOW KEYS FROM `config`[0m
  [4;35;1mSQL (1.6ms)[0m   [0mSHOW FIELDS FROM `extension_meta`[0m
  [4;36;1mSQL (3.5ms)[0m   [0;1mdescribe `extension_meta`[0m
  [4;35;1mSQL (0.9ms)[0m   [0mSHOW KEYS FROM `extension_meta`[0m
  [4;36;1mSQL (1.8ms)[0m   [0;1mSHOW FIELDS FROM `layouts`[0m
  [4;35;1mSQL (4.4ms)[0m   [0mdescribe `layouts`[0m
  [4;36;1mSQL (5.3ms)[0m   [0;1mSHOW KEYS FROM `layouts`[0m
  [4;35;1mSQL (2.5ms)[0m   [0mSHOW FIELDS FROM `page_attachments`[0m
  [4;36;1mSQL (15.7ms)[0m   [0;1mdescribe `page_attachments`[0m
  [4;35;1mSQL (1.3ms)[0m   [0mSHOW KEYS FROM `page_attachments`[0m
  [4;36;1mSQL (1.3ms)[0m   [0;1mSHOW FIELDS FROM `page_parts`[0m
  [4;35;1mSQL (2.8ms)[0m   [0mdescribe `page_parts`[0m
  [4;36;1mSQL (0.3ms)[0m   [0;1mSHOW KEYS FROM `page_parts`[0m
  [4;35;1mSQL (2.3ms)[0m   [0mSHOW FIELDS FROM `pages`[0m
  [4;36;1mSQL (6.8ms)[0m   [0;1mdescribe `pages`[0m
  [4;35;1mSQL (5.8ms)[0m   [0mSHOW KEYS FROM `pages`[0m
  [4;36;1mSQL (6.1ms)[0m   [0;1mSHOW FIELDS FROM `sessions`[0m
  [4;35;1mSQL (169.1ms)[0m   [0mdescribe `sessions`[0m
  [4;36;1mSQL (7.0ms)[0m   [0;1mSHOW KEYS FROM `sessions`[0m
  [4;35;1mSQL (4.7ms)[0m   [0mSHOW FIELDS FROM `snippets`[0m
  [4;36;1mSQL (8.7ms)[0m   [0;1mdescribe `snippets`[0m
  [4;35;1mSQL (1.0ms)[0m   [0mSHOW KEYS FROM `snippets`[0m
  [4;36;1mSQL (3.5ms)[0m   [0;1mSHOW FIELDS FROM `users`[0m
  [4;35;1mSQL (12.4ms)[0m   [0mdescribe `users`[0m
  [4;36;1mSQL (2.4ms)[0m   [0;1mSHOW KEYS FROM `users`[0m
  [4;35;1mSQL (0.5ms)[0m   [0mSHOW TABLES[0m
  [4;36;1mSQL (0.5ms)[0m   [0;1mSELECT version FROM schema_migrations[0m
  [4;35;1mSQL (0.6ms)[0m   [0mSHOW TABLES[0m
  [4;36;1mSQL (1.4ms)[0m   [0;1mSHOW FIELDS FROM `assets`[0m
  [4;35;1mSQL (3.5ms)[0m   [0mdescribe `assets`[0m
  [4;36;1mSQL (0.9ms)[0m   [0;1mSHOW KEYS FROM `assets`[0m
  [4;35;1mSQL (1.9ms)[0m   [0mSHOW FIELDS FROM `comments`[0m
  [4;36;1mSQL (3.4ms)[0m   [0;1mdescribe `comments`[0m
  [4;35;1mSQL (2.6ms)[0m   [0mSHOW KEYS FROM `comments`[0m
  [4;36;1mSQL (3.1ms)[0m   [0;1mSHOW FIELDS FROM `config`[0m
  [4;35;1mSQL (4.1ms)[0m   [0mdescribe `config`[0m
  [4;36;1mSQL (1.5ms)[0m   [0;1mSHOW KEYS FROM `config`[0m
  [4;35;1mSQL (2.0ms)[0m   [0mSHOW FIELDS FROM `extension_meta`[0m
  [4;36;1mSQL (1.9ms)[0m   [0;1mdescribe `extension_meta`[0m
  [4;35;1mSQL (0.9ms)[0m   [0mSHOW KEYS FROM `extension_meta`[0m
  [4;36;1mSQL (2.0ms)[0m   [0;1mSHOW FIELDS FROM `layouts`[0m
  [4;35;1mSQL (3.9ms)[0m   [0mdescribe `layouts`[0m
  [4;36;1mSQL (0.3ms)[0m   [0;1mSHOW KEYS FROM `layouts`[0m
  [4;35;1mSQL (1.1ms)[0m   [0mSHOW FIELDS FROM `page_attachments`[0m
  [4;36;1mSQL (1.9ms)[0m   [0;1mdescribe `page_attachments`[0m
  [4;35;1mSQL (0.2ms)[0m   [0mSHOW KEYS FROM `page_attachments`[0m
  [4;36;1mSQL (1.9ms)[0m   [0;1mSHOW FIELDS FROM `page_parts`[0m
  [4;35;1mSQL (2.6ms)[0m   [0mdescribe `page_parts`[0m
  [4;36;1mSQL (1.8ms)[0m   [0;1mSHOW KEYS FROM `page_parts`[0m
  [4;35;1mSQL (1.6ms)[0m   [0mSHOW FIELDS FROM `pages`[0m
  [4;36;1mSQL (4.3ms)[0m   [0;1mdescribe `pages`[0m
  [4;35;1mSQL (0.3ms)[0m   [0mSHOW KEYS FROM `pages`[0m
  [4;36;1mSQL (1.6ms)[0m   [0;1mSHOW FIELDS FROM `sessions`[0m
  [4;35;1mSQL (3.2ms)[0m   [0mdescribe `sessions`[0m
  [4;36;1mSQL (0.9ms)[0m   [0;1mSHOW KEYS FROM `sessions`[0m
  [4;35;1mSQL (2.9ms)[0m   [0mSHOW FIELDS FROM `snippets`[0m
  [4;36;1mSQL (8.0ms)[0m   [0;1mdescribe `snippets`[0m
  [4;35;1mSQL (0.3ms)[0m   [0mSHOW KEYS FROM `snippets`[0m
  [4;36;1mSQL (2.2ms)[0m   [0;1mSHOW FIELDS FROM `users`[0m
  [4;35;1mSQL (1.6ms)[0m   [0mdescribe `users`[0m
  [4;36;1mSQL (0.2ms)[0m   [0;1mSHOW KEYS FROM `users`[0m
  [4;35;1mSQL (0.5ms)[0m   [0mSHOW TABLES[0m
  [4;36;1mSQL (0.2ms)[0m   [0;1mSELECT version FROM schema_migrations[0m
  [4;35;1mSQL (0.4ms)[0m   [0mSHOW TABLES[0m
  [4;36;1mSQL (0.9ms)[0m   [0;1mSHOW FIELDS FROM `assets`[0m
  [4;35;1mSQL (1.5ms)[0m   [0mdescribe `assets`[0m
  [4;36;1mSQL (1.0ms)[0m   [0;1mSHOW KEYS FROM `assets`[0m
  [4;35;1mSQL (1.1ms)[0m   [0mSHOW FIELDS FROM `comments`[0m
  [4;36;1mSQL (1.0ms)[0m   [0;1mdescribe `comments`[0m
  [4;35;1mSQL (0.2ms)[0m   [0mSHOW KEYS FROM `comments`[0m
  [4;36;1mSQL (0.9ms)[0m   [0;1mSHOW FIELDS FROM `config`[0m
  [4;35;1mSQL (0.8ms)[0m   [0mdescribe `config`[0m
  [4;36;1mSQL (0.4ms)[0m   [0;1mSHOW KEYS FROM `config`[0m
  [4;35;1mSQL (0.8ms)[0m   [0mSHOW FIELDS FROM `extension_meta`[0m
  [4;36;1mSQL (1.9ms)[0m   [0;1mdescribe `extension_meta`[0m
  [4;35;1mSQL (0.3ms)[0m   [0mSHOW KEYS FROM `extension_meta`[0m
  [4;36;1mSQL (0.9ms)[0m   [0;1mSHOW FIELDS FROM `layouts`[0m
  [4;35;1mSQL (0.8ms)[0m   [0mdescribe `layouts`[0m
  [4;36;1mSQL (0.2ms)[0m   [0;1mSHOW KEYS FROM `layouts`[0m
  [4;35;1mSQL (1.2ms)[0m   [0mSHOW FIELDS FROM `page_attachments`[0m
  [4;36;1mSQL (0.9ms)[0m   [0;1mdescribe `page_attachments`[0m
  [4;35;1mSQL (0.5ms)[0m   [0mSHOW KEYS FROM `page_attachments`[0m
  [4;36;1mSQL (0.7ms)[0m   [0;1mSHOW FIELDS FROM `page_parts`[0m
  [4;35;1mSQL (3.9ms)[0m   [0mdescribe `page_parts`[0m
  [4;36;1mSQL (0.3ms)[0m   [0;1mSHOW KEYS FROM `page_parts`[0m
  [4;35;1mSQL (1.0ms)[0m   [0mSHOW FIELDS FROM `pages`[0m
  [4;36;1mSQL (1.1ms)[0m   [0;1mdescribe `pages`[0m
  [4;35;1mSQL (1.1ms)[0m   [0mSHOW KEYS FROM `pages`[0m
  [4;36;1mSQL (1.3ms)[0m   [0;1mSHOW FIELDS FROM `sessions`[0m
  [4;35;1mSQL (1.8ms)[0m   [0mdescribe `sessions`[0m
  [4;36;1mSQL (0.3ms)[0m   [0;1mSHOW KEYS FROM `sessions`[0m
  [4;35;1mSQL (0.9ms)[0m   [0mSHOW FIELDS FROM `snippets`[0m
  [4;36;1mSQL (0.9ms)[0m   [0;1mdescribe `snippets`[0m
  [4;35;1mSQL (0.3ms)[0m   [0mSHOW KEYS FROM `snippets`[0m
  [4;36;1mSQL (1.3ms)[0m   [0;1mSHOW FIELDS FROM `users`[0m
  [4;35;1mSQL (1.3ms)[0m   [0mdescribe `users`[0m
  [4;36;1mSQL (1.5ms)[0m   [0;1mSHOW KEYS FROM `users`[0m
  [4;35;1mSQL (0.6ms)[0m   [0mSHOW TABLES[0m
  [4;36;1mSQL (0.2ms)[0m   [0;1mSELECT version FROM schema_migrations[0m
  [4;35;1mSQL (0.4ms)[0m   [0mSHOW TABLES[0m
  [4;36;1mSQL (1.0ms)[0m   [0;1mSHOW FIELDS FROM `assets`[0m
  [4;35;1mSQL (1.5ms)[0m   [0mdescribe `assets`[0m
  [4;36;1mSQL (0.2ms)[0m   [0;1mSHOW KEYS FROM `assets`[0m
  [4;35;1mSQL (1.7ms)[0m   [0mSHOW FIELDS FROM `comments`[0m
  [4;36;1mSQL (1.5ms)[0m   [0;1mdescribe `comments`[0m
  [4;35;1mSQL (0.3ms)[0m   [0mSHOW KEYS FROM `comments`[0m
  [4;36;1mSQL (0.8ms)[0m   [0;1mSHOW FIELDS FROM `config`[0m
  [4;35;1mSQL (1.0ms)[0m   [0mdescribe `config`[0m
  [4;36;1mSQL (0.6ms)[0m   [0;1mSHOW KEYS FROM `config`[0m
  [4;35;1mSQL (1.3ms)[0m   [0mSHOW FIELDS FROM `extension_meta`[0m
  [4;36;1mSQL (0.9ms)[0m   [0;1mdescribe `extension_meta`[0m
  [4;35;1mSQL (0.5ms)[0m   [0mSHOW KEYS FROM `extension_meta`[0m
  [4;36;1mSQL (1.1ms)[0m   [0;1mSHOW FIELDS FROM `layouts`[0m
  [4;35;1mSQL (1.4ms)[0m   [0mdescribe `layouts`[0m
  [4;36;1mSQL (0.3ms)[0m   [0;1mSHOW KEYS FROM `layouts`[0m
  [4;35;1mSQL (0.7ms)[0m   [0mSHOW FIELDS FROM `page_attachments`[0m
  [4;36;1mSQL (0.9ms)[0m   [0;1mdescribe `page_attachments`[0m
  [4;35;1mSQL (0.2ms)[0m   [0mSHOW KEYS FROM `page_attachments`[0m
  [4;36;1mSQL (1.4ms)[0m   [0;1mSHOW FIELDS FROM `page_parts`[0m
  [4;35;1mSQL (0.8ms)[0m   [0mdescribe `page_parts`[0m
  [4;36;1mSQL (0.3ms)[0m   [0;1mSHOW KEYS FROM `page_parts`[0m
  [4;35;1mSQL (1.2ms)[0m   [0mSHOW FIELDS FROM `pages`[0m
  [4;36;1mSQL (1.3ms)[0m   [0;1mdescribe `pages`[0m
  [4;35;1mSQL (0.3ms)[0m   [0mSHOW KEYS FROM `pages`[0m
  [4;36;1mSQL (0.7ms)[0m   [0;1mSHOW FIELDS FROM `sessions`[0m
  [4;35;1mSQL (0.8ms)[0m   [0mdescribe `sessions`[0m
  [4;36;1mSQL (0.3ms)[0m   [0;1mSHOW KEYS FROM `sessions`[0m
  [4;35;1mSQL (1.7ms)[0m   [0mSHOW FIELDS FROM `snippets`[0m
  [4;36;1mSQL (1.0ms)[0m   [0;1mdescribe `snippets`[0m
  [4;35;1mSQL (0.2ms)[0m   [0mSHOW KEYS FROM `snippets`[0m
  [4;36;1mSQL (1.7ms)[0m   [0;1mSHOW FIELDS FROM `users`[0m
  [4;35;1mSQL (1.0ms)[0m   [0mdescribe `users`[0m
  [4;36;1mSQL (0.2ms)[0m   [0;1mSHOW KEYS FROM `users`[0m
  [4;35;1mUser Columns (4.1ms)[0m   [0mSHOW FIELDS FROM `users`[0m
  [4;36;1mUser Load (1.9ms)[0m   [0;1mSELECT * FROM `users` WHERE (`users`.`login` = 'admin') ORDER BY name LIMIT 1[0m
  [4;35;1mSQL (1.3ms)[0m   [0mBEGIN[0m
  [4;36;1mUser Load (0.4ms)[0m   [0;1mSELECT `users`.id FROM `users` WHERE (`users`.`login` = BINARY 'admin') LIMIT 1[0m
  [4;35;1mUser Create (0.3ms)[0m   [0mINSERT INTO `users` (`name`, `updated_by_id`, `salt`, `session_token`, `created_at`, `updated_at`, `created_by_id`, `notes`, `admin`, `designer`, `lock_version`, `locale`, `login`, `password`, `email`) VALUES('Administrator', NULL, '98e22d8579b17d4e69e8d400e9f2094f9b6ed829', NULL, '2010-09-23 12:43:22', '2010-09-23 12:43:22', NULL, NULL, 1, 0, 0, NULL, 'admin', '526e79d1e0656e7a08458e4828aebab1dc8707ee', NULL)[0m
  [4;36;1mSQL (0.5ms)[0m   [0;1mCOMMIT[0m
  [4;35;1mSQL (0.6ms)[0m   [0mSHOW TABLES[0m
  [4;36;1mRadiant::Config Load (0.2ms)[0m   [0;1mSELECT * FROM `config` WHERE (`config`.`key` = 'admin.title') LIMIT 1[0m
  [4;35;1mSQL (0.1ms)[0m   [0mBEGIN[0m
  [4;36;1mRadiant::Config Create (0.0ms)[0m   [0;1mMysql::Error: Unknown column 'description' in 'field list': INSERT INTO `config` (`value`, `description`, `key`) VALUES('Radiant CMS', NULL, 'admin.title')[0m
  [4;35;1mSQL (0.1ms)[0m   [0mROLLBACK[0m
  [4;36;1mSQL (0.1ms)[0m   [0;1mSET SQL_AUTO_IS_NULL=0[0m
  [4;35;1mSQL (0.3ms)[0m   [0mSHOW TABLES[0m
  [4;36;1mSQL (0.9ms)[0m   [0;1mSHOW TABLES[0m
  [4;35;1mSQL (0.4ms)[0m   [0mSHOW TABLES[0m
  [4;36;1mSQL (27.6ms)[0m   [0;1mCREATE TABLE `schema_migrations` (`version` varchar(255) NOT NULL) ENGINE=InnoDB[0m
  [4;35;1mSQL (0.4ms)[0m   [0mSHOW KEYS FROM `schema_migrations`[0m
  [4;36;1mSQL (9.0ms)[0m   [0;1mCREATE UNIQUE INDEX `unique_schema_migrations` ON `schema_migrations` (`version`)[0m
  [4;35;1mSQL (0.3ms)[0m   [0mSHOW TABLES[0m
  [4;36;1mSQL (0.3ms)[0m   [0;1mSHOW TABLES[0m
  [4;35;1mSQL (0.2ms)[0m   [0mSELECT version FROM schema_migrations[0m
  [4;36;1mSQL (0.2ms)[0m   [0;1mSHOW TABLES[0m
  [4;35;1mSQL (0.6ms)[0m   [0mSHOW TABLES[0m
  [4;36;1mSQL (0.1ms)[0m   [0;1mSELECT version FROM schema_migrations[0m
  [4;35;1mSQL (0.2ms)[0m   [0mSHOW TABLES[0m
  [4;36;1mSQL (0.2ms)[0m   [0;1mSHOW TABLES[0m
  [4;35;1mSQL (1.3ms)[0m   [0mSELECT version FROM schema_migrations[0m
Migrating to CreateRadiantTables (1)
  [4;36;1mSQL (0.4ms)[0m   [0;1mSHOW TABLES[0m
  [4;35;1mSQL (6.0ms)[0m   [0mCREATE TABLE `config` (`id` int(11) DEFAULT NULL auto_increment PRIMARY KEY, `key` varchar(40) DEFAULT '' NOT NULL, `value` varchar(255) DEFAULT '') ENGINE=InnoDB[0m
  [4;36;1mSQL (0.6ms)[0m   [0;1mSHOW KEYS FROM `config`[0m
  [4;35;1mSQL (8.8ms)[0m   [0mCREATE UNIQUE INDEX `key` ON `config` (`key`)[0m
  [4;36;1mSQL (0.4ms)[0m   [0;1mSHOW TABLES[0m
  [4;35;1mSQL (6.7ms)[0m   [0mCREATE TABLE `pages` (`id` int(11) DEFAULT NULL auto_increment PRIMARY KEY, `title` varchar(255), `slug` varchar(100), `breadcrumb` varchar(160), `behavior` varchar(25), `status_id` int(11) DEFAULT 1 NOT NULL, `parent_id` int(11), `layout_id` int(11), `created_at` datetime, `updated_at` datetime, `published_at` datetime, `created_by` int(11), `updated_by` int(11)) ENGINE=InnoDB[0m
  [4;36;1mSQL (0.4ms)[0m   [0;1mSHOW TABLES[0m
  [4;35;1mSQL (4.6ms)[0m   [0mCREATE TABLE `page_parts` (`id` int(11) DEFAULT NULL auto_increment PRIMARY KEY, `name` varchar(100), `filter` varchar(25), `content` text, `page_id` int(11)) ENGINE=InnoDB[0m
  [4;36;1mSQL (0.4ms)[0m   [0;1mSHOW TABLES[0m
  [4;35;1mSQL (8.9ms)[0m   [0mCREATE TABLE `snippets` (`id` int(11) DEFAULT NULL auto_increment PRIMARY KEY, `name` varchar(100) DEFAULT '' NOT NULL, `filter` varchar(25), `content` text, `created_at` datetime, `updated_at` datetime, `created_by` int(11), `updated_by` int(11)) ENGINE=InnoDB[0m
  [4;36;1mSQL (0.4ms)[0m   [0;1mSHOW KEYS FROM `snippets`[0m
  [4;35;1mSQL (7.7ms)[0m   [0mCREATE UNIQUE INDEX `name` ON `snippets` (`name`)[0m
  [4;36;1mSQL (0.4ms)[0m   [0;1mSHOW TABLES[0m
  [4;35;1mSQL (6.8ms)[0m   [0mCREATE TABLE `layouts` (`id` int(11) DEFAULT NULL auto_increment PRIMARY KEY, `name` varchar(100), `content` text, `created_at` datetime, `updated_at` datetime, `created_by` int(11), `updated_by` int(11)) ENGINE=InnoDB[0m
  [4;36;1mSQL (0.5ms)[0m   [0;1mSHOW TABLES[0m
  [4;35;1mSQL (6.0ms)[0m   [0mCREATE TABLE `users` (`id` int(11) DEFAULT NULL auto_increment PRIMARY KEY, `name` varchar(100), `email` varchar(255), `login` varchar(40) DEFAULT '' NOT NULL, `password` varchar(40), `admin` tinyint DEFAULT 0 NOT NULL, `developer` tinyint DEFAULT 0 NOT NULL, `created_at` datetime, `updated_at` datetime, `created_by` int(11), `updated_by` int(11)) ENGINE=InnoDB[0m
  [4;36;1mSQL (0.4ms)[0m   [0;1mSHOW KEYS FROM `users`[0m
  [4;35;1mSQL (10.4ms)[0m   [0mCREATE UNIQUE INDEX `login` ON `users` (`login`)[0m
  [4;36;1mSQL (0.6ms)[0m   [0;1mINSERT INTO schema_migrations (version) VALUES ('1')[0m
Migrating to InsertInitialData (2)
  [4;35;1mSQL (1.3ms)[0m   [0mINSERT INTO schema_migrations (version) VALUES ('2')[0m
Migrating to RenameBehaviorColumn (3)
  [4;36;1mSQL (1.3ms)[0m   [0;1mSHOW FIELDS FROM `pages`[0m
  [4;35;1mSQL (0.6ms)[0m   [0mSHOW COLUMNS FROM `pages` LIKE 'behavior'[0m
  [4;36;1mSQL (10.2ms)[0m   [0;1mALTER TABLE `pages` CHANGE `behavior` `behavior_id` varchar(25) DEFAULT NULL[0m
  [4;35;1mSQL (4.2ms)[0m   [0mINSERT INTO schema_migrations (version) VALUES ('3')[0m
Migrating to RenameFilterColumn (4)
  [4;36;1mSQL (1.4ms)[0m   [0;1mSHOW FIELDS FROM `page_parts`[0m
  [4;35;1mSQL (0.9ms)[0m   [0mSHOW COLUMNS FROM `page_parts` LIKE 'filter'[0m
  [4;36;1mSQL (11.0ms)[0m   [0;1mALTER TABLE `page_parts` CHANGE `filter` `filter_id` varchar(25) DEFAULT NULL[0m
  [4;35;1mSQL (1.5ms)[0m   [0mSHOW FIELDS FROM `snippets`[0m
  [4;36;1mSQL (0.7ms)[0m   [0;1mSHOW COLUMNS FROM `snippets` LIKE 'filter'[0m
  [4;35;1mSQL (11.5ms)[0m   [0mALTER TABLE `snippets` CHANGE `filter` `filter_id` varchar(25) DEFAULT NULL[0m
  [4;36;1mSQL (0.5ms)[0m   [0;1mINSERT INTO schema_migrations (version) VALUES ('4')[0m
Migrating to AddVirtualColumnToPage (5)
  [4;35;1mSQL (9.3ms)[0m   [0mALTER TABLE `pages` ADD `virtual` tinyint(1) DEFAULT 0 NOT NULL[0m
  [4;36;1mSQL (0.5ms)[0m   [0;1mINSERT INTO schema_migrations (version) VALUES ('5')[0m
Migrating to IntegerColumnsToBoolean (6)
  [4;35;1mUser Load (0.4ms)[0m   [0mSELECT * FROM `users` ORDER BY name[0m
  [4;36;1mSQL (9.3ms)[0m   [0;1mALTER TABLE `users` DROP `admin`[0m
  [4;35;1mSQL (10.5ms)[0m   [0mALTER TABLE `users` ADD `admin` tinyint(1) DEFAULT 0 NOT NULL[0m
  [4;36;1mUser Load (0.7ms)[0m   [0;1mSELECT * FROM `users` ORDER BY name[0m
  [4;35;1mSQL (8.5ms)[0m   [0mALTER TABLE `users` DROP `developer`[0m
  [4;36;1mSQL (9.2ms)[0m   [0;1mALTER TABLE `users` ADD `developer` tinyint(1) DEFAULT 0 NOT NULL[0m
  [4;35;1mSQL (0.7ms)[0m   [0mINSERT INTO schema_migrations (version) VALUES ('6')[0m
Migrating to RemoveVirtualColumnFromPage (7)
  [4;36;1mSQL (17.8ms)[0m   [0;1mALTER TABLE `pages` DROP `virtual`[0m
  [4;35;1mSQL (0.5ms)[0m   [0mINSERT INTO schema_migrations (version) VALUES ('7')[0m
Migrating to AddVirtualColumnToPageAgain (8)
  [4;36;1mSQL (9.8ms)[0m   [0;1mALTER TABLE `pages` ADD `virtual` tinyint(1) DEFAULT 0 NOT NULL[0m
  [4;35;1mSQL (0.9ms)[0m   [0mINSERT INTO schema_migrations (version) VALUES ('8')[0m
Migrating to AddContentTypeFieldToLayout (9)
  [4;36;1mSQL (10.7ms)[0m   [0;1mALTER TABLE `layouts` ADD `content_type` varchar(40)[0m
  [4;35;1mSQL (2.2ms)[0m   [0mINSERT INTO schema_migrations (version) VALUES ('9')[0m
Migrating to MergeBehaviorsAndPages (10)
  [4;36;1mMergeBehaviorsAndPages::OldPage Load (1.1ms)[0m   [0;1mSELECT * FROM `pages` [0m
  [4;35;1mSQL (1.1ms)[0m   [0mSHOW FIELDS FROM `pages`[0m
  [4;36;1mSQL (1.0ms)[0m   [0;1mSHOW COLUMNS FROM `pages` LIKE 'behavior_id'[0m
  [4;35;1mSQL (10.2ms)[0m   [0mALTER TABLE `pages` CHANGE `behavior_id` `type` varchar(25) DEFAULT NULL[0m
  [4;36;1mSQL (0.5ms)[0m   [0;1mINSERT INTO schema_migrations (version) VALUES ('10')[0m
Migrating to RenameTypeColumnOnPageToClassName (11)
  [4;35;1mSQL (1.3ms)[0m   [0mSHOW FIELDS FROM `pages`[0m
  [4;36;1mSQL (0.8ms)[0m   [0;1mSHOW COLUMNS FROM `pages` LIKE 'type'[0m
  [4;35;1mSQL (7.6ms)[0m   [0mALTER TABLE `pages` CHANGE `type` `class_name` varchar(25) DEFAULT NULL[0m
  [4;36;1mSQL (0.5ms)[0m   [0;1mINSERT INTO schema_migrations (version) VALUES ('11')[0m
Migrating to CreateExtensionMeta (12)
  [4;35;1mSQL (0.6ms)[0m   [0mSHOW TABLES[0m
  [4;36;1mSQL (8.0ms)[0m   [0;1mCREATE TABLE `extension_meta` (`id` int(11) DEFAULT NULL auto_increment PRIMARY KEY, `name` varchar(255), `schema_version` int(11) DEFAULT 0, `enabled` tinyint(1) DEFAULT 1) ENGINE=InnoDB[0m
  [4;35;1mSQL (0.5ms)[0m   [0mINSERT INTO schema_migrations (version) VALUES ('12')[0m
Migrating to AddNotesFieldToUser (13)
  [4;36;1mSQL (7.9ms)[0m   [0;1mALTER TABLE `users` ADD `notes` text[0m
  [4;35;1mSQL (0.4ms)[0m   [0mINSERT INTO schema_migrations (version) VALUES ('13')[0m
Migrating to RenameConfigDefaultPartsKey (14)
  [4;36;1mRadiant::Config Columns (1.3ms)[0m   [0;1mSHOW FIELDS FROM `config`[0m
  [4;35;1mRadiant::Config Load (0.4ms)[0m   [0mSELECT * FROM `config` WHERE (`config`.`key` = 'default.parts') LIMIT 1[0m
  [4;36;1mSQL (0.4ms)[0m   [0;1mINSERT INTO schema_migrations (version) VALUES ('14')[0m
Migrating to AddOptimisticLocking (15)
  [4;35;1mSQL (18.6ms)[0m   [0mALTER TABLE `pages` ADD `lock_version` int(11) DEFAULT 0[0m
  [4;36;1mSQL (27.5ms)[0m   [0;1mALTER TABLE `layouts` ADD `lock_version` int(11) DEFAULT 0[0m
  [4;35;1mSQL (27.8ms)[0m   [0mALTER TABLE `snippets` ADD `lock_version` int(11) DEFAULT 0[0m
  [4;36;1mSQL (14.7ms)[0m   [0;1mALTER TABLE `users` ADD `lock_version` int(11) DEFAULT 0[0m
  [4;35;1mSQL (0.7ms)[0m   [0mINSERT INTO schema_migrations (version) VALUES ('15')[0m
Migrating to AddSessions (16)
  [4;36;1mSQL (10.0ms)[0m   [0;1mCREATE TABLE `sessions` (`id` int(11) DEFAULT NULL auto_increment PRIMARY KEY, `session_id` varchar(255), `data` text, `updated_at` datetime) ENGINE=InnoDB[0m
  [4;35;1mSQL (0.4ms)[0m   [0mSHOW KEYS FROM `sessions`[0m
  [4;36;1mSQL (16.6ms)[0m   [0;1mCREATE INDEX `index_sessions_on_session_id` ON `sessions` (`session_id`)[0m
  [4;35;1mSQL (0.5ms)[0m   [0mSHOW KEYS FROM `sessions`[0m
  [4;36;1mSQL (181.2ms)[0m   [0;1mCREATE INDEX `index_sessions_on_updated_at` ON `sessions` (`updated_at`)[0m
  [4;35;1mSQL (0.8ms)[0m   [0mINSERT INTO schema_migrations (version) VALUES ('16')[0m
Migrating to RenameCreatedByUpdatedByColumns (17)
  [4;36;1mSQL (1.8ms)[0m   [0;1mSHOW FIELDS FROM `pages`[0m
  [4;35;1mSQL (2.1ms)[0m   [0mSHOW COLUMNS FROM `pages` LIKE 'created_by'[0m
  [4;36;1mSQL (21.4ms)[0m   [0;1mALTER TABLE `pages` CHANGE `created_by` `created_by_id` int(11) DEFAULT NULL[0m
  [4;35;1mSQL (2.0ms)[0m   [0mSHOW FIELDS FROM `pages`[0m
  [4;36;1mSQL (3.4ms)[0m   [0;1mSHOW COLUMNS FROM `pages` LIKE 'updated_by'[0m
  [4;35;1mSQL (32.1ms)[0m   [0mALTER TABLE `pages` CHANGE `updated_by` `updated_by_id` int(11) DEFAULT NULL[0m
  [4;36;1mSQL (2.6ms)[0m   [0;1mSHOW FIELDS FROM `snippets`[0m
  [4;35;1mSQL (5.6ms)[0m   [0mSHOW COLUMNS FROM `snippets` LIKE 'created_by'[0m
  [4;36;1mSQL (15.5ms)[0m   [0;1mALTER TABLE `snippets` CHANGE `created_by` `created_by_id` int(11) DEFAULT NULL[0m
  [4;35;1mSQL (4.7ms)[0m   [0mSHOW FIELDS FROM `snippets`[0m
  [4;36;1mSQL (3.4ms)[0m   [0;1mSHOW COLUMNS FROM `snippets` LIKE 'updated_by'[0m
  [4;35;1mSQL (11.3ms)[0m   [0mALTER TABLE `snippets` CHANGE `updated_by` `updated_by_id` int(11) DEFAULT NULL[0m
  [4;36;1mSQL (1.2ms)[0m   [0;1mSHOW FIELDS FROM `layouts`[0m
  [4;35;1mSQL (0.7ms)[0m   [0mSHOW COLUMNS FROM `layouts` LIKE 'created_by'[0m
  [4;36;1mSQL (10.2ms)[0m   [0;1mALTER TABLE `layouts` CHANGE `created_by` `created_by_id` int(11) DEFAULT NULL[0m
  [4;35;1mSQL (1.2ms)[0m   [0mSHOW FIELDS FROM `layouts`[0m
  [4;36;1mSQL (0.6ms)[0m   [0;1mSHOW COLUMNS FROM `layouts` LIKE 'updated_by'[0m
  [4;35;1mSQL (10.2ms)[0m   [0mALTER TABLE `layouts` CHANGE `updated_by` `updated_by_id` int(11) DEFAULT NULL[0m
  [4;36;1mSQL (1.2ms)[0m   [0;1mSHOW FIELDS FROM `users`[0m
  [4;35;1mSQL (0.7ms)[0m   [0mSHOW COLUMNS FROM `users` LIKE 'created_by'[0m
  [4;36;1mSQL (13.7ms)[0m   [0;1mALTER TABLE `users` CHANGE `created_by` `created_by_id` int(11) DEFAULT NULL[0m
  [4;35;1mSQL (1.4ms)[0m   [0mSHOW FIELDS FROM `users`[0m
  [4;36;1mSQL (1.5ms)[0m   [0;1mSHOW COLUMNS FROM `users` LIKE 'updated_by'[0m
  [4;35;1mSQL (9.3ms)[0m   [0mALTER TABLE `users` CHANGE `updated_by` `updated_by_id` int(11) DEFAULT NULL[0m
  [4;36;1mSQL (0.8ms)[0m   [0;1mINSERT INTO schema_migrations (version) VALUES ('17')[0m
Migrating to AddDescriptionAndKeywordsToPages (18)
  [4;35;1mSQL (9.8ms)[0m   [0mALTER TABLE `pages` ADD `description` varchar(255)[0m
  [4;36;1mSQL (8.0ms)[0m   [0;1mALTER TABLE `pages` ADD `keywords` varchar(255)[0m
  [4;35;1mSQL (0.6ms)[0m   [0mINSERT INTO schema_migrations (version) VALUES ('18')[0m
Migrating to AddSaltToUsers (19)
  [4;36;1mSQL (10.2ms)[0m   [0;1mALTER TABLE `users` ADD `salt` varchar(255)[0m
  [4;35;1mUser Update (0.5ms)[0m   [0mUPDATE `users` SET `salt` = 'sweet harmonious biscuits' [0m
  [4;36;1mSQL (0.5ms)[0m   [0;1mINSERT INTO schema_migrations (version) VALUES ('19')[0m
Migrating to AddSessionInfoToUsers (20)
  [4;35;1mSQL (8.5ms)[0m   [0mALTER TABLE `users` ADD `session_token` varchar(255)[0m
  [4;36;1mSQL (10.4ms)[0m   [0;1mALTER TABLE `users` ADD `session_expire` datetime[0m
  [4;35;1mSQL (0.6ms)[0m   [0mINSERT INTO schema_migrations (version) VALUES ('20')[0m
Migrating to RemoveSessionExpireFromUsers (21)
  [4;36;1mSQL (8.8ms)[0m   [0;1mALTER TABLE `users` DROP `session_expire`[0m
  [4;35;1mSQL (0.9ms)[0m   [0mINSERT INTO schema_migrations (version) VALUES ('21')[0m
Migrating to AddIndexes (20081203140407)
  [4;36;1mSQL (0.4ms)[0m   [0;1mSHOW KEYS FROM `pages`[0m
  [4;35;1mSQL (7.1ms)[0m   [0mCREATE INDEX `pages_class_name` ON `pages` (`class_name`)[0m
  [4;36;1mSQL (0.4ms)[0m   [0;1mSHOW KEYS FROM `pages`[0m
  [4;35;1mSQL (8.0ms)[0m   [0mCREATE INDEX `pages_parent_id` ON `pages` (`parent_id`)[0m
  [4;36;1mSQL (0.6ms)[0m   [0;1mSHOW KEYS FROM `pages`[0m
  [4;35;1mSQL (15.4ms)[0m   [0mCREATE INDEX `pages_child_slug` ON `pages` (`slug`, `parent_id`)[0m
  [4;36;1mSQL (0.5ms)[0m   [0;1mSHOW KEYS FROM `pages`[0m
  [4;35;1mSQL (10.2ms)[0m   [0mCREATE INDEX `pages_published` ON `pages` (`virtual`, `status_id`)[0m
  [4;36;1mSQL (0.4ms)[0m   [0;1mSHOW KEYS FROM `page_parts`[0m
  [4;35;1mSQL (7.8ms)[0m   [0mCREATE INDEX `parts_by_page` ON `page_parts` (`page_id`, `name`)[0m
  [4;36;1mSQL (0.7ms)[0m   [0;1mINSERT INTO schema_migrations (version) VALUES ('20081203140407')[0m
Migrating to AddUserLanguage (20090226140109)
  [4;35;1mSQL (11.3ms)[0m   [0mALTER TABLE `users` ADD `language` varchar(255)[0m
  [4;36;1mSQL (0.7ms)[0m   [0;1mINSERT INTO schema_migrations (version) VALUES ('20090226140109')[0m
Migrating to RenameDeveloperRoleToDesigner (20090929164633)
  [4;35;1mSQL (1.4ms)[0m   [0mSHOW FIELDS FROM `users`[0m
  [4;36;1mSQL (1.8ms)[0m   [0;1mSHOW COLUMNS FROM `users` LIKE 'developer'[0m
  [4;35;1mSQL (9.9ms)[0m   [0mALTER TABLE `users` CHANGE `developer` `designer` tinyint(1) DEFAULT 0 NOT NULL[0m
  [4;36;1mSQL (0.6ms)[0m   [0;1mINSERT INTO schema_migrations (version) VALUES ('20090929164633')[0m
Migrating to ChangeUserLanguageToLocale (20091003095744)
  [4;35;1mSQL (1.3ms)[0m   [0mSHOW FIELDS FROM `users`[0m
  [4;36;1mSQL (0.6ms)[0m   [0;1mSHOW COLUMNS FROM `users` LIKE 'language'[0m
  [4;35;1mSQL (10.6ms)[0m   [0mALTER TABLE `users` CHANGE `language` `locale` varchar(255) DEFAULT NULL[0m
  [4;36;1mSQL (0.7ms)[0m   [0;1mINSERT INTO schema_migrations (version) VALUES ('20091003095744')[0m
  [4;35;1mSQL (0.8ms)[0m   [0mSHOW TABLES[0m
  [4;36;1mSQL (0.3ms)[0m   [0;1mSELECT version FROM schema_migrations[0m
  [4;35;1mSQL (1.6ms)[0m   [0mSHOW TABLES[0m
  [4;36;1mSQL (0.9ms)[0m   [0;1mSHOW FIELDS FROM `config`[0m
  [4;35;1mSQL (0.7ms)[0m   [0mdescribe `config`[0m
  [4;36;1mSQL (0.3ms)[0m   [0;1mSHOW KEYS FROM `config`[0m
  [4;35;1mSQL (0.9ms)[0m   [0mSHOW FIELDS FROM `extension_meta`[0m
  [4;36;1mSQL (3.3ms)[0m   [0;1mdescribe `extension_meta`[0m
  [4;35;1mSQL (0.3ms)[0m   [0mSHOW KEYS FROM `extension_meta`[0m
  [4;36;1mSQL (1.2ms)[0m   [0;1mSHOW FIELDS FROM `layouts`[0m
  [4;35;1mSQL (2.5ms)[0m   [0mdescribe `layouts`[0m
  [4;36;1mSQL (0.2ms)[0m   [0;1mSHOW KEYS FROM `layouts`[0m
  [4;35;1mSQL (0.8ms)[0m   [0mSHOW FIELDS FROM `page_parts`[0m
  [4;36;1mSQL (0.8ms)[0m   [0;1mdescribe `page_parts`[0m
  [4;35;1mSQL (0.7ms)[0m   [0mSHOW KEYS FROM `page_parts`[0m
  [4;36;1mSQL (1.3ms)[0m   [0;1mSHOW FIELDS FROM `pages`[0m
  [4;35;1mSQL (1.3ms)[0m   [0mdescribe `pages`[0m
  [4;36;1mSQL (1.1ms)[0m   [0;1mSHOW KEYS FROM `pages`[0m
  [4;35;1mSQL (0.8ms)[0m   [0mSHOW FIELDS FROM `sessions`[0m
  [4;36;1mSQL (1.7ms)[0m   [0;1mdescribe `sessions`[0m
  [4;35;1mSQL (1.0ms)[0m   [0mSHOW KEYS FROM `sessions`[0m
  [4;36;1mSQL (1.7ms)[0m   [0;1mSHOW FIELDS FROM `snippets`[0m
  [4;35;1mSQL (1.2ms)[0m   [0mdescribe `snippets`[0m
  [4;36;1mSQL (0.8ms)[0m   [0;1mSHOW KEYS FROM `snippets`[0m
  [4;35;1mSQL (2.5ms)[0m   [0mSHOW FIELDS FROM `users`[0m
  [4;36;1mSQL (1.1ms)[0m   [0;1mdescribe `users`[0m
  [4;35;1mSQL (0.3ms)[0m   [0mSHOW KEYS FROM `users`[0m
  [4;36;1mSQL (0.5ms)[0m   [0;1mSHOW TABLES[0m
  [4;35;1mSQL (0.2ms)[0m   [0mSELECT version FROM schema_migrations[0m
  [4;36;1mSQL (0.3ms)[0m   [0;1mSHOW TABLES[0m
  [4;35;1mSQL (0.8ms)[0m   [0mSHOW FIELDS FROM `config`[0m
  [4;36;1mSQL (2.8ms)[0m   [0;1mdescribe `config`[0m
  [4;35;1mSQL (0.4ms)[0m   [0mSHOW KEYS FROM `config`[0m
  [4;36;1mSQL (0.7ms)[0m   [0;1mSHOW FIELDS FROM `extension_meta`[0m
  [4;35;1mSQL (0.7ms)[0m   [0mdescribe `extension_meta`[0m
  [4;36;1mSQL (0.2ms)[0m   [0;1mSHOW KEYS FROM `extension_meta`[0m
  [4;35;1mSQL (1.8ms)[0m   [0mSHOW FIELDS FROM `layouts`[0m
  [4;36;1mSQL (0.9ms)[0m   [0;1mdescribe `layouts`[0m
  [4;35;1mSQL (0.2ms)[0m   [0mSHOW KEYS FROM `layouts`[0m
  [4;36;1mSQL (0.7ms)[0m   [0;1mSHOW FIELDS FROM `page_parts`[0m
  [4;35;1mSQL (1.1ms)[0m   [0mdescribe `page_parts`[0m
  [4;36;1mSQL (0.8ms)[0m   [0;1mSHOW KEYS FROM `page_parts`[0m
  [4;35;1mSQL (1.1ms)[0m   [0mSHOW FIELDS FROM `pages`[0m
  [4;36;1mSQL (1.0ms)[0m   [0;1mdescribe `pages`[0m
  [4;35;1mSQL (0.3ms)[0m   [0mSHOW KEYS FROM `pages`[0m
  [4;36;1mSQL (0.8ms)[0m   [0;1mSHOW FIELDS FROM `sessions`[0m
  [4;35;1mSQL (1.2ms)[0m   [0mdescribe `sessions`[0m
  [4;36;1mSQL (0.3ms)[0m   [0;1mSHOW KEYS FROM `sessions`[0m
  [4;35;1mSQL (1.2ms)[0m   [0mSHOW FIELDS FROM `snippets`[0m
  [4;36;1mSQL (1.3ms)[0m   [0;1mdescribe `snippets`[0m
  [4;35;1mSQL (0.3ms)[0m   [0mSHOW KEYS FROM `snippets`[0m
  [4;36;1mSQL (1.0ms)[0m   [0;1mSHOW FIELDS FROM `users`[0m
  [4;35;1mSQL (1.0ms)[0m   [0mdescribe `users`[0m
  [4;36;1mSQL (0.4ms)[0m   [0;1mSHOW KEYS FROM `users`[0m
  [4;35;1mSQL (1.3ms)[0m   [0mSHOW TABLES[0m
  [4;36;1mSQL (0.2ms)[0m   [0;1mSELECT version FROM schema_migrations[0m
  [4;35;1mSQL (0.4ms)[0m   [0mSHOW TABLES[0m
  [4;36;1mSQL (0.8ms)[0m   [0;1mSHOW FIELDS FROM `config`[0m
  [4;35;1mSQL (0.7ms)[0m   [0mdescribe `config`[0m
  [4;36;1mSQL (0.2ms)[0m   [0;1mSHOW KEYS FROM `config`[0m
  [4;35;1mSQL (0.7ms)[0m   [0mSHOW FIELDS FROM `extension_meta`[0m
  [4;36;1mSQL (1.6ms)[0m   [0;1mdescribe `extension_meta`[0m
  [4;35;1mSQL (0.2ms)[0m   [0mSHOW KEYS FROM `extension_meta`[0m
  [4;36;1mSQL (1.0ms)[0m   [0;1mSHOW FIELDS FROM `layouts`[0m
  [4;35;1mSQL (1.3ms)[0m   [0mdescribe `layouts`[0m
  [4;36;1mSQL (0.4ms)[0m   [0;1mSHOW KEYS FROM `layouts`[0m
  [4;35;1mSQL (1.5ms)[0m   [0mSHOW FIELDS FROM `page_parts`[0m
  [4;36;1mSQL (0.7ms)[0m   [0;1mdescribe `page_parts`[0m
  [4;35;1mSQL (0.2ms)[0m   [0mSHOW KEYS FROM `page_parts`[0m
  [4;36;1mSQL (1.0ms)[0m   [0;1mSHOW FIELDS FROM `pages`[0m
  [4;35;1mSQL (2.0ms)[0m   [0mdescribe `pages`[0m
  [4;36;1mSQL (0.3ms)[0m   [0;1mSHOW KEYS FROM `pages`[0m
  [4;35;1mSQL (0.8ms)[0m   [0mSHOW FIELDS FROM `sessions`[0m
  [4;36;1mSQL (2.5ms)[0m   [0;1mdescribe `sessions`[0m
  [4;35;1mSQL (0.6ms)[0m   [0mSHOW KEYS FROM `sessions`[0m
  [4;36;1mSQL (0.8ms)[0m   [0;1mSHOW FIELDS FROM `snippets`[0m
  [4;35;1mSQL (0.8ms)[0m   [0mdescribe `snippets`[0m
  [4;36;1mSQL (0.5ms)[0m   [0;1mSHOW KEYS FROM `snippets`[0m
  [4;35;1mSQL (1.2ms)[0m   [0mSHOW FIELDS FROM `users`[0m
  [4;36;1mSQL (1.3ms)[0m   [0;1mdescribe `users`[0m
  [4;35;1mSQL (0.8ms)[0m   [0mSHOW KEYS FROM `users`[0m
  [4;36;1mSQL (0.5ms)[0m   [0;1mSHOW TABLES[0m
  [4;35;1mSQL (0.2ms)[0m   [0mSELECT version FROM schema_migrations[0m
  [4;36;1mSQL (0.3ms)[0m   [0;1mSHOW TABLES[0m
  [4;35;1mSQL (0.7ms)[0m   [0mSHOW FIELDS FROM `config`[0m
  [4;36;1mSQL (0.6ms)[0m   [0;1mdescribe `config`[0m
  [4;35;1mSQL (0.2ms)[0m   [0mSHOW KEYS FROM `config`[0m
  [4;36;1mSQL (1.3ms)[0m   [0;1mSHOW FIELDS FROM `extension_meta`[0m
  [4;35;1mSQL (1.0ms)[0m   [0mdescribe `extension_meta`[0m
  [4;36;1mSQL (1.0ms)[0m   [0;1mSHOW KEYS FROM `extension_meta`[0m
  [4;35;1mSQL (0.9ms)[0m   [0mSHOW FIELDS FROM `layouts`[0m
  [4;36;1mSQL (0.8ms)[0m   [0;1mdescribe `layouts`[0m
  [4;35;1mSQL (0.2ms)[0m   [0mSHOW KEYS FROM `layouts`[0m
  [4;36;1mSQL (3.6ms)[0m   [0;1mSHOW FIELDS FROM `page_parts`[0m
  [4;35;1mSQL (0.7ms)[0m   [0mdescribe `page_parts`[0m
  [4;36;1mSQL (0.4ms)[0m   [0;1mSHOW KEYS FROM `page_parts`[0m
  [4;35;1mSQL (2.4ms)[0m   [0mSHOW FIELDS FROM `pages`[0m
  [4;36;1mSQL (1.5ms)[0m   [0;1mdescribe `pages`[0m
  [4;35;1mSQL (0.3ms)[0m   [0mSHOW KEYS FROM `pages`[0m
  [4;36;1mSQL (0.7ms)[0m   [0;1mSHOW FIELDS FROM `sessions`[0m
  [4;35;1mSQL (1.3ms)[0m   [0mdescribe `sessions`[0m
  [4;36;1mSQL (0.4ms)[0m   [0;1mSHOW KEYS FROM `sessions`[0m
  [4;35;1mSQL (2.1ms)[0m   [0mSHOW FIELDS FROM `snippets`[0m
  [4;36;1mSQL (3.5ms)[0m   [0;1mdescribe `snippets`[0m
  [4;35;1mSQL (0.3ms)[0m   [0mSHOW KEYS FROM `snippets`[0m
  [4;36;1mSQL (1.0ms)[0m   [0;1mSHOW FIELDS FROM `users`[0m
  [4;35;1mSQL (1.0ms)[0m   [0mdescribe `users`[0m
  [4;36;1mSQL (0.7ms)[0m   [0;1mSHOW KEYS FROM `users`[0m
  [4;35;1mUser Columns (2.8ms)[0m   [0mSHOW FIELDS FROM `users`[0m
  [4;36;1mUser Load (1.3ms)[0m   [0;1mSELECT * FROM `users` WHERE (`users`.`login` = 'admin') ORDER BY name LIMIT 1[0m
  [4;35;1mSQL (0.1ms)[0m   [0mBEGIN[0m
  [4;36;1mUser Load (1.0ms)[0m   [0;1mSELECT `users`.id FROM `users` WHERE (`users`.`login` = BINARY 'admin') LIMIT 1[0m
  [4;35;1mUser Create (0.3ms)[0m   [0mINSERT INTO `users` (`name`, `updated_by_id`, `salt`, `session_token`, `created_at`, `updated_at`, `created_by_id`, `notes`, `admin`, `designer`, `lock_version`, `locale`, `login`, `password`, `email`) VALUES('Administrator', NULL, 'ef50923d5fa55b0fb56099d4e5837fb8abfab8af', NULL, '2010-09-23 12:44:02', '2010-09-23 12:44:02', NULL, NULL, 1, 0, 0, NULL, 'admin', '7eb25e3aa76bcf4cc900139df9c2fd7a57efffc3', NULL)[0m
  [4;36;1mSQL (0.5ms)[0m   [0;1mCOMMIT[0m
  [4;35;1mSQL (0.8ms)[0m   [0mSHOW TABLES[0m
  [4;36;1mRadiant::Config Load (0.3ms)[0m   [0;1mSELECT * FROM `config` WHERE (`config`.`key` = 'admin.title') LIMIT 1[0m
  [4;35;1mSQL (0.1ms)[0m   [0mBEGIN[0m
  [4;36;1mRadiant::Config Create (0.2ms)[0m   [0;1mINSERT INTO `config` (`value`, `key`) VALUES('Radiant CMS', 'admin.title')[0m
  [4;35;1mRadiant::Config Load (0.2ms)[0m   [0mSELECT * FROM `config` [0m
Cache write: Radiant::Config
Cache write: Radiant.cache_mtime
  [4;36;1mSQL (0.4ms)[0m   [0;1mCOMMIT[0m
  [4;35;1mSQL (0.5ms)[0m   [0mSHOW TABLES[0m
  [4;36;1mRadiant::Config Load (0.2ms)[0m   [0;1mSELECT * FROM `config` WHERE (`config`.`key` = 'admin.subtitle') LIMIT 1[0m
  [4;35;1mSQL (0.1ms)[0m   [0mBEGIN[0m
  [4;36;1mRadiant::Config Create (0.2ms)[0m   [0;1mINSERT INTO `config` (`value`, `key`) VALUES('Publishing for Small Teams', 'admin.subtitle')[0m
  [4;35;1mRadiant::Config Load (0.2ms)[0m   [0mSELECT * FROM `config` [0m
Cache write: Radiant::Config
Cache write: Radiant.cache_mtime
  [4;36;1mSQL (0.4ms)[0m   [0;1mCOMMIT[0m
  [4;35;1mSQL (0.5ms)[0m   [0mSHOW TABLES[0m
  [4;36;1mRadiant::Config Load (0.2ms)[0m   [0;1mSELECT * FROM `config` WHERE (`config`.`key` = 'defaults.page.parts') LIMIT 1[0m
  [4;35;1mSQL (0.1ms)[0m   [0mBEGIN[0m
  [4;36;1mRadiant::Config Create (0.2ms)[0m   [0;1mINSERT INTO `config` (`value`, `key`) VALUES('body, extended', 'defaults.page.parts')[0m
  [4;35;1mRadiant::Config Load (0.2ms)[0m   [0mSELECT * FROM `config` [0m
Cache write: Radiant::Config
Cache write: Radiant.cache_mtime
  [4;36;1mSQL (0.4ms)[0m   [0;1mCOMMIT[0m
  [4;35;1mSQL (1.0ms)[0m   [0mSHOW TABLES[0m
  [4;36;1mRadiant::Config Load (0.4ms)[0m   [0;1mSELECT * FROM `config` WHERE (`config`.`key` = 'defaults.page.status') LIMIT 1[0m
  [4;35;1mSQL (0.1ms)[0m   [0mBEGIN[0m
  [4;36;1mRadiant::Config Create (0.3ms)[0m   [0;1mINSERT INTO `config` (`value`, `key`) VALUES('draft', 'defaults.page.status')[0m
  [4;35;1mRadiant::Config Load (0.3ms)[0m   [0mSELECT * FROM `config` [0m
Cache write: Radiant::Config
Cache write: Radiant.cache_mtime
  [4;36;1mSQL (0.4ms)[0m   [0;1mCOMMIT[0m
  [4;35;1mSQL (0.5ms)[0m   [0mSHOW TABLES[0m
  [4;36;1mRadiant::Config Load (0.3ms)[0m   [0;1mSELECT * FROM `config` WHERE (`config`.`key` = 'defaults.page.filter') LIMIT 1[0m
  [4;35;1mSQL (0.1ms)[0m   [0mBEGIN[0m
  [4;36;1mRadiant::Config Create (0.2ms)[0m   [0;1mINSERT INTO `config` (`value`, `key`) VALUES('', 'defaults.page.filter')[0m
  [4;35;1mRadiant::Config Load (0.2ms)[0m   [0mSELECT * FROM `config` [0m
Cache write: Radiant::Config
Cache write: Radiant.cache_mtime
  [4;36;1mSQL (0.4ms)[0m   [0;1mCOMMIT[0m
  [4;35;1mSQL (0.4ms)[0m   [0mSHOW TABLES[0m
  [4;36;1mRadiant::Config Load (0.2ms)[0m   [0;1mSELECT * FROM `config` WHERE (`config`.`key` = 'session_timeout') LIMIT 1[0m
  [4;35;1mSQL (0.1ms)[0m   [0mBEGIN[0m
  [4;36;1mRadiant::Config Create (0.1ms)[0m   [0;1mINSERT INTO `config` (`value`, `key`) VALUES('1209600', 'session_timeout')[0m
  [4;35;1mRadiant::Config Load (0.2ms)[0m   [0mSELECT * FROM `config` [0m
Cache write: Radiant::Config
Cache write: Radiant.cache_mtime
  [4;36;1mSQL (0.3ms)[0m   [0;1mCOMMIT[0m
  [4;35;1mSQL (0.6ms)[0m   [0mSHOW TABLES[0m
  [4;36;1mRadiant::Config Load (0.4ms)[0m   [0;1mSELECT * FROM `config` WHERE (`config`.`key` = 'default_locale') LIMIT 1[0m
  [4;35;1mSQL (0.1ms)[0m   [0mBEGIN[0m
  [4;36;1mRadiant::Config Create (0.2ms)[0m   [0;1mINSERT INTO `config` (`value`, `key`) VALUES('en', 'default_locale')[0m
  [4;35;1mRadiant::Config Load (0.2ms)[0m   [0mSELECT * FROM `config` [0m
Cache write: Radiant::Config
Cache write: Radiant.cache_mtime
  [4;36;1mSQL (0.9ms)[0m   [0;1mCOMMIT[0m
  [4;35;1mSnippet Columns (2.5ms)[0m   [0mSHOW FIELDS FROM `snippets`[0m
WARNING: Can't mass-assign these protected attributes: id
  [4;36;1mSQL (0.1ms)[0m   [0;1mBEGIN[0m
  [4;35;1mSnippet Load (0.2ms)[0m   [0mSELECT `snippets`.id FROM `snippets` WHERE (`snippets`.`name` = BINARY 'header') LIMIT 1[0m
  [4;36;1mSnippet Create (0.2ms)[0m   [0;1mINSERT INTO `snippets` (`name`, `updated_by_id`, `created_at`, `filter_id`, `updated_at`, `created_by_id`, `lock_version`, `content`) VALUES('header', NULL, '2010-09-23 12:44:05', NULL, '2010-09-23 12:44:05', 1, 0, '<div id=\"header\">\n <h1><r:title /></h1>\n</div>\n<hr />\n')[0m
  [4;35;1mSQL (0.4ms)[0m   [0mCOMMIT[0m
WARNING: Can't mass-assign these protected attributes: id
  [4;36;1mSQL (0.1ms)[0m   [0;1mBEGIN[0m
  [4;35;1mSnippet Load (0.2ms)[0m   [0mSELECT `snippets`.id FROM `snippets` WHERE (`snippets`.`name` = BINARY 'footer') LIMIT 1[0m
  [4;36;1mSnippet Create (0.6ms)[0m   [0;1mINSERT INTO `snippets` (`name`, `updated_by_id`, `created_at`, `filter_id`, `updated_at`, `created_by_id`, `lock_version`, `content`) VALUES('footer', NULL, '2010-09-23 12:44:05', NULL, '2010-09-23 12:44:05', 1, 0, '<hr />\n<div id=\"footer\">\n <p>Powered by <a href=\"http://radiantcms.org/\">Radiant CMS</a></p>\n</div>\n')[0m
  [4;35;1mSQL (0.5ms)[0m   [0mCOMMIT[0m
  [4;36;1mPage Columns (1.2ms)[0m   [0;1mSHOW FIELDS FROM `pages`[0m
WARNING: Can't mass-assign these protected attributes: id
  [4;35;1mSQL (0.1ms)[0m   [0mBEGIN[0m
  [4;36;1mPage Load (0.3ms)[0m   [0;1mSELECT `pages`.id FROM `pages` WHERE (`pages`.`slug` = BINARY '/' AND `pages`.parent_id IS NULL) LIMIT 1[0m
  [4;35;1mPage Create (0.3ms)[0m   [0mINSERT INTO `pages` (`slug`, `class_name`, `updated_by_id`, `created_at`, `title`, `virtual`, `updated_at`, `created_by_id`, `lock_version`, `breadcrumb`, `parent_id`, `status_id`, `published_at`, `description`, `layout_id`, `keywords`) VALUES('/', NULL, NULL, '2010-09-23 12:44:05', 'Home Page', 0, '2010-09-23 12:44:05', 1, 0, 'Home', NULL, 100, '2010-09-23 14:44:05', NULL, 1, NULL)[0m
  [4;36;1mSQL (1.0ms)[0m   [0;1mCOMMIT[0m
WARNING: Can't mass-assign these protected attributes: id
  [4;35;1mSQL (0.1ms)[0m   [0mBEGIN[0m
  [4;36;1mPage Load (0.3ms)[0m   [0;1mSELECT `pages`.id FROM `pages` WHERE (`pages`.`slug` = BINARY 'file-not-found' AND `pages`.parent_id = 1) LIMIT 1[0m
  [4;35;1mFileNotFoundPage Columns (4.7ms)[0m   [0mSHOW FIELDS FROM `pages`[0m
  [4;36;1mPage Create (0.3ms)[0m   [0;1mINSERT INTO `pages` (`slug`, `class_name`, `updated_by_id`, `created_at`, `title`, `virtual`, `updated_at`, `created_by_id`, `lock_version`, `breadcrumb`, `parent_id`, `status_id`, `published_at`, `description`, `layout_id`, `keywords`) VALUES('file-not-found', 'FileNotFoundPage', NULL, '2010-09-23 12:44:06', 'File Not Found', 1, '2010-09-23 12:44:06', 1, 0, 'File Not Found', 1, 100, '2010-09-23 14:44:06', NULL, NULL, NULL)[0m
  [4;35;1mSQL (0.2ms)[0m   [0mCOMMIT[0m
WARNING: Can't mass-assign these protected attributes: id
  [4;36;1mSQL (0.1ms)[0m   [0;1mBEGIN[0m
  [4;35;1mPage Load (0.3ms)[0m   [0mSELECT `pages`.id FROM `pages` WHERE (`pages`.`slug` = BINARY 'rss' AND `pages`.parent_id = 1) LIMIT 1[0m
  [4;36;1mPage Create (0.3ms)[0m   [0;1mINSERT INTO `pages` (`slug`, `class_name`, `updated_by_id`, `created_at`, `title`, `virtual`, `updated_at`, `created_by_id`, `lock_version`, `breadcrumb`, `parent_id`, `status_id`, `published_at`, `description`, `layout_id`, `keywords`) VALUES('rss', NULL, NULL, '2010-09-23 12:44:06', 'RSS Feed', 0, '2010-09-23 12:44:06', 1, 0, 'RSS Feed', 1, 100, '2010-09-23 14:44:06', NULL, 3, NULL)[0m
  [4;35;1mSQL (0.3ms)[0m   [0mCOMMIT[0m
WARNING: Can't mass-assign these protected attributes: id
  [4;36;1mSQL (0.1ms)[0m   [0;1mBEGIN[0m
  [4;35;1mPage Load (0.3ms)[0m   [0mSELECT `pages`.id FROM `pages` WHERE (`pages`.`slug` = BINARY 'articles' AND `pages`.parent_id = 1) LIMIT 1[0m
  [4;36;1mArchivePage Columns (1.5ms)[0m   [0;1mSHOW FIELDS FROM `pages`[0m
  [4;35;1mPage Create (0.3ms)[0m   [0mINSERT INTO `pages` (`slug`, `class_name`, `updated_by_id`, `created_at`, `title`, `virtual`, `updated_at`, `created_by_id`, `lock_version`, `breadcrumb`, `parent_id`, `status_id`, `published_at`, `description`, `layout_id`, `keywords`) VALUES('articles', 'ArchivePage', NULL, '2010-09-23 12:44:06', 'Articles', 0, '2010-09-23 12:44:06', 1, 0, 'Articles', 1, 100, '2010-09-23 14:44:06', NULL, NULL, NULL)[0m
  [4;36;1mSQL (0.4ms)[0m   [0;1mCOMMIT[0m
WARNING: Can't mass-assign these protected attributes: id
  [4;35;1mSQL (0.1ms)[0m   [0mBEGIN[0m
  [4;36;1mPage Load (0.3ms)[0m   [0;1mSELECT `pages`.id FROM `pages` WHERE (`pages`.`slug` = BINARY 'first-post' AND `pages`.parent_id = 4) LIMIT 1[0m
  [4;35;1mPage Create (0.3ms)[0m   [0mINSERT INTO `pages` (`slug`, `class_name`, `updated_by_id`, `created_at`, `title`, `virtual`, `updated_at`, `created_by_id`, `lock_version`, `breadcrumb`, `parent_id`, `status_id`, `published_at`, `description`, `layout_id`, `keywords`) VALUES('first-post', NULL, NULL, '2010-09-23 12:44:06', 'First Post', 0, '2010-09-23 12:44:06', 1, 0, 'First Post', 4, 100, '2010-09-23 14:44:06', NULL, NULL, NULL)[0m
  [4;36;1mSQL (0.9ms)[0m   [0;1mCOMMIT[0m
WARNING: Can't mass-assign these protected attributes: id
  [4;35;1mSQL (0.1ms)[0m   [0mBEGIN[0m
  [4;36;1mPage Load (0.3ms)[0m   [0;1mSELECT `pages`.id FROM `pages` WHERE (`pages`.`slug` = BINARY 'second-post' AND `pages`.parent_id = 4) LIMIT 1[0m
  [4;35;1mPage Create (0.4ms)[0m   [0mINSERT INTO `pages` (`slug`, `class_name`, `updated_by_id`, `created_at`, `title`, `virtual`, `updated_at`, `created_by_id`, `lock_version`, `breadcrumb`, `parent_id`, `status_id`, `published_at`, `description`, `layout_id`, `keywords`) VALUES('second-post', NULL, NULL, '2010-09-23 12:44:06', 'Second Post', 0, '2010-09-23 12:44:06', 1, 0, 'Second Post', 4, 100, '2010-09-23 14:44:06', NULL, NULL, NULL)[0m
  [4;36;1mSQL (3.1ms)[0m   [0;1mCOMMIT[0m
WARNING: Can't mass-assign these protected attributes: id
  [4;35;1mSQL (0.1ms)[0m   [0mBEGIN[0m
  [4;36;1mPage Load (0.4ms)[0m   [0;1mSELECT `pages`.id FROM `pages` WHERE (`pages`.`slug` = BINARY 'styles.css' AND `pages`.parent_id = 1) LIMIT 1[0m
  [4;35;1mPage Create (0.3ms)[0m   [0mINSERT INTO `pages` (`slug`, `class_name`, `updated_by_id`, `created_at`, `title`, `virtual`, `updated_at`, `created_by_id`, `lock_version`, `breadcrumb`, `parent_id`, `status_id`, `published_at`, `description`, `layout_id`, `keywords`) VALUES('styles.css', NULL, NULL, '2010-09-23 12:44:06', 'Styles', 0, '2010-09-23 12:44:06', 1, 0, 'Styles', 1, 100, '2010-09-23 14:44:06', NULL, 2, NULL)[0m
  [4;36;1mSQL (1.0ms)[0m   [0;1mCOMMIT[0m
  [4;35;1mLayout Columns (1.0ms)[0m   [0mSHOW FIELDS FROM `layouts`[0m
WARNING: Can't mass-assign these protected attributes: id
  [4;36;1mSQL (0.1ms)[0m   [0;1mBEGIN[0m
  [4;35;1mLayout Load (0.2ms)[0m   [0mSELECT `layouts`.id FROM `layouts` WHERE (`layouts`.`name` = BINARY 'Normal') LIMIT 1[0m
  [4;36;1mLayout Create (0.2ms)[0m   [0;1mINSERT INTO `layouts` (`name`, `updated_by_id`, `created_at`, `content_type`, `updated_at`, `created_by_id`, `lock_version`, `content`) VALUES('Normal', NULL, '2010-09-23 12:44:06', NULL, '2010-09-23 12:44:06', 1, 0, '<!DOCTYPE html PUBLIC \"-//W3C//DTD XHTML 1.1//EN\"\n \"http://www.w3.org/TR/xhtml11/DTD/xhtml11.dtd\">\n<html>\n <head>\n <title><r:title /></title>\n <link href=\"/rss/\" rel=\"alternate\" title=\"RSS\" type=\"application/rss+xml\" />\n <link rel=\"stylesheet\" type=\"text/css\" href=\"/styles.css\" />\n </head>\n <body>\n <r:snippet name=\"header\" />\n <div id=\"content\">\n <r:content />\n <div id=\"extended\">\n <r:content part=\"extended\" />\n </div>\n </div>\n <r:snippet name=\"footer\" />\n </body>\n</html>\n')[0m
  [4;35;1mSQL (0.4ms)[0m   [0mCOMMIT[0m
WARNING: Can't mass-assign these protected attributes: id
  [4;36;1mSQL (0.1ms)[0m   [0;1mBEGIN[0m
  [4;35;1mLayout Load (0.2ms)[0m   [0mSELECT `layouts`.id FROM `layouts` WHERE (`layouts`.`name` = BINARY 'Stylesheet') LIMIT 1[0m
  [4;36;1mLayout Create (0.2ms)[0m   [0;1mINSERT INTO `layouts` (`name`, `updated_by_id`, `created_at`, `content_type`, `updated_at`, `created_by_id`, `lock_version`, `content`) VALUES('Stylesheet', NULL, '2010-09-23 12:44:06', 'text/css', '2010-09-23 12:44:06', 1, 0, '<r:content />\n')[0m
  [4;35;1mSQL (0.4ms)[0m   [0mCOMMIT[0m
WARNING: Can't mass-assign these protected attributes: id
  [4;36;1mSQL (0.9ms)[0m   [0;1mBEGIN[0m
  [4;35;1mLayout Load (0.3ms)[0m   [0mSELECT `layouts`.id FROM `layouts` WHERE (`layouts`.`name` = BINARY 'XML Feed') LIMIT 1[0m
  [4;36;1mLayout Create (0.2ms)[0m   [0;1mINSERT INTO `layouts` (`name`, `updated_by_id`, `created_at`, `content_type`, `updated_at`, `created_by_id`, `lock_version`, `content`) VALUES('XML Feed', NULL, '2010-09-23 12:44:06', 'text/xml', '2010-09-23 12:44:06', 1, 0, '<r:content />\n')[0m
  [4;35;1mSQL (0.4ms)[0m   [0mCOMMIT[0m
  [4;36;1mPagePart Columns (1.0ms)[0m   [0;1mSHOW FIELDS FROM `page_parts`[0m
WARNING: Can't mass-assign these protected attributes: id
  [4;35;1mSQL (0.5ms)[0m   [0mSHOW TABLES[0m
Cache read: Radiant.cache_mtime
Cache read: Radiant::Config
  [4;36;1mSQL (0.1ms)[0m   [0;1mBEGIN[0m
  [4;35;1mPagePart Create (0.2ms)[0m   [0mINSERT INTO `page_parts` (`name`, `filter_id`, `page_id`, `content`) VALUES('body', '', 1, '<r:find url=\"/articles/\">\n<r:children:each limit=\"5\" order=\"desc\">\n<div class=\"entry\">\n <h3><r:link /> <small><r:author /></small></h3>\n <r:content />\n <r:if_content part=\"extended\"><r:link anchor=\"extended\">Continue Reading&#8230;</r:link></r:if_content>\n</div>\n</r:children:each>\n</r:find>\n')[0m
  [4;36;1mSQL (0.8ms)[0m   [0;1mCOMMIT[0m
WARNING: Can't mass-assign these protected attributes: id
  [4;35;1mSQL (0.1ms)[0m   [0mBEGIN[0m
  [4;36;1mPagePart Create (0.2ms)[0m   [0;1mINSERT INTO `page_parts` (`name`, `filter_id`, `page_id`, `content`) VALUES('body', 'Textile', 2, 'The file you were looking for could not be found.\n\nAttempted URL: @<r:attempted_url />@\n\nIt is possible that you typed the URL incorrectly or that you clicked on a bad link.\n\n\"<< Back to Home Page\":/\n')[0m
  [4;35;1mSQL (0.2ms)[0m   [0mCOMMIT[0m
WARNING: Can't mass-assign these protected attributes: id
  [4;36;1mSQL (0.4ms)[0m   [0;1mSHOW TABLES[0m
Cache read: Radiant.cache_mtime
Cache read: Radiant::Config
  [4;35;1mSQL (0.1ms)[0m   [0mBEGIN[0m
  [4;36;1mPagePart Create (0.2ms)[0m   [0;1mINSERT INTO `page_parts` (`name`, `filter_id`, `page_id`, `content`) VALUES('body', '', 3, '<?xml version=\"1.0\" encoding=\"UTF-8\"?>\n<rss version=\"2.0\" xmlns:dc=\"http://purl.org/dc/elements/1.1/\">\n <channel>\n <title>Article RSS Feed</title>\n <link>http://your-web-site.com<r:url /></link>\n <language>en-us</language>\n <ttl>40</ttl>\n <description>The main blog feed for my Web site.</description>\n <r:find url=\"/articles/\">\n <r:children:each limit=\"10\">\n <item>\n <title><r:title /></title>\n <description><r:escape_html><r:content /></r:escape_html></description>\n <pubDate><r:rfc1123_date /></pubDate>\n <guid>http://your-web-site.com<r:url /></guid>\n <link>http://your-web-site.com<r:url /></link>\n </item>\n </r:children:each>\n </r:find>\n </channel>\n</rss>\n')[0m
  [4;35;1mSQL (0.3ms)[0m   [0mCOMMIT[0m
WARNING: Can't mass-assign these protected attributes: id
  [4;36;1mSQL (0.4ms)[0m   [0;1mSHOW TABLES[0m
Cache read: Radiant.cache_mtime
Cache read: Radiant::Config
  [4;35;1mSQL (0.2ms)[0m   [0mBEGIN[0m
  [4;36;1mPagePart Create (0.2ms)[0m   [0;1mINSERT INTO `page_parts` (`name`, `filter_id`, `page_id`, `content`) VALUES('body', '', 4, '<ul>\n<r:children:each order=\"desc\">\n <li><r:link /></li>\n</r:children:each>\n</ul>\n')[0m
  [4;35;1mSQL (0.9ms)[0m   [0mCOMMIT[0m
WARNING: Can't mass-assign these protected attributes: id
  [4;36;1mSQL (0.1ms)[0m   [0;1mBEGIN[0m
  [4;35;1mPagePart Create (0.2ms)[0m   [0mINSERT INTO `page_parts` (`name`, `filter_id`, `page_id`, `content`) VALUES('body', 'Textile', 5, 'This post uses \"textile\":http://www.textism.com/tools/textile/.\n')[0m
  [4;36;1mSQL (0.4ms)[0m   [0;1mCOMMIT[0m
WARNING: Can't mass-assign these protected attributes: id
  [4;35;1mSQL (0.1ms)[0m   [0mBEGIN[0m
  [4;36;1mPagePart Create (0.2ms)[0m   [0;1mINSERT INTO `page_parts` (`name`, `filter_id`, `page_id`, `content`) VALUES('body', 'Markdown', 6, 'This post uses **Markdown**.\n')[0m
  [4;35;1mSQL (0.4ms)[0m   [0mCOMMIT[0m
WARNING: Can't mass-assign these protected attributes: id
  [4;36;1mSQL (0.5ms)[0m   [0;1mSHOW TABLES[0m
Cache read: Radiant.cache_mtime
Cache read: Radiant::Config
  [4;35;1mSQL (0.1ms)[0m   [0mBEGIN[0m
  [4;36;1mPagePart Create (0.2ms)[0m   [0;1mINSERT INTO `page_parts` (`name`, `filter_id`, `page_id`, `content`) VALUES('body', '', 7, 'body {\n font-family: \"Trebuchet MS\", Arial, Helvetica, sans-serif;\n font-size: 80%;\n}\n')[0m
  [4;35;1mSQL (0.4ms)[0m   [0mCOMMIT[0m
